{"C:\\vendaspro\\server\\routes\\auth.ts": {"path":"C:\\vendaspro\\server\\routes\\auth.ts","statementMap":{"0":{"start":{"line":9,"column":26},"end":{"line":9,"column":null}},"1":{"start":{"line":10,"column":6},"end":{"line":16,"column":null}},"2":{"start":{"line":18,"column":0},"end":{"line":30,"column":null}},"3":{"start":{"line":19,"column":2},"end":{"line":29,"column":null}},"4":{"start":{"line":20,"column":32},"end":{"line":20,"column":null}},"5":{"start":{"line":21,"column":10},"end":{"line":21,"column":null}},"6":{"start":{"line":22,"column":4},"end":{"line":24,"column":null}},"7":{"start":{"line":23,"column":6},"end":{"line":23,"column":null}},"8":{"start":{"line":25,"column":18},"end":{"line":25,"column":null}},"9":{"start":{"line":26,"column":4},"end":{"line":26,"column":null}},"10":{"start":{"line":28,"column":4},"end":{"line":28,"column":null}},"11":{"start":{"line":32,"column":0},"end":{"line":32,"column":null}},"12":{"start":{"line":32,"column":50},"end":{"line":32,"column":93}}},"fnMap":{"0":{"name":"(anonymous_0)","decl":{"start":{"line":18,"column":40},"end":{"line":18,"column":41}},"loc":{"start":{"line":18,"column":54},"end":{"line":30,"column":1}},"line":18},"1":{"name":"(anonymous_1)","decl":{"start":{"line":32,"column":31},"end":{"line":32,"column":32}},"loc":{"start":{"line":32,"column":50},"end":{"line":32,"column":93}},"line":32}},"branchMap":{"0":{"loc":{"start":{"line":22,"column":4},"end":{"line":24,"column":null}},"type":"if","locations":[{"start":{"line":22,"column":4},"end":{"line":24,"column":null}},{"start":{},"end":{}}],"line":22},"1":{"loc":{"start":{"line":22,"column":8},"end":{"line":22,"column":57}},"type":"binary-expr","locations":[{"start":{"line":22,"column":8},"end":{"line":22,"column":14}},{"start":{"line":22,"column":14},"end":{"line":22,"column":57}}],"line":22}},"s":{"0":1,"1":1,"2":1,"3":4,"4":4,"5":4,"6":4,"7":1,"8":3,"9":3,"10":0,"11":1,"12":0},"f":{"0":4,"1":0},"b":{"0":[1,3],"1":[4,4]},"meta":{"lastBranch":2,"lastFunction":2,"lastStatement":13,"seen":{"s:9:26:9:Infinity":0,"s:10:6:16:Infinity":1,"s:18:0:30:Infinity":2,"f:18:40:18:41":0,"s:19:2:29:Infinity":3,"s:20:32:20:Infinity":4,"s:21:10:21:Infinity":5,"b:22:4:24:Infinity:undefined:undefined:undefined:undefined":0,"s:22:4:24:Infinity":6,"b:22:8:22:14:22:14:22:57":1,"s:23:6:23:Infinity":7,"s:25:18:25:Infinity":8,"s:26:4:26:Infinity":9,"s:28:4:28:Infinity":10,"s:32:0:32:Infinity":11,"f:32:31:32:32":1,"s:32:50:32:93":12},"fnNames":{}}}
,"C:\\vendaspro\\server\\routes\\cash.ts": {"path":"C:\\vendaspro\\server\\routes\\cash.ts","statementMap":{"0":{"start":{"line":7,"column":26},"end":{"line":7,"column":null}},"1":{"start":{"line":8,"column":0},"end":{"line":8,"column":null}},"2":{"start":{"line":11,"column":2},"end":{"line":11,"column":null}},"3":{"start":{"line":15,"column":18},"end":{"line":17,"column":null}},"4":{"start":{"line":18,"column":41},"end":{"line":18,"column":null}},"5":{"start":{"line":19,"column":2},"end":{"line":19,"column":null}},"6":{"start":{"line":19,"column":27},"end":{"line":19,"column":null}},"7":{"start":{"line":21,"column":25},"end":{"line":24,"column":null}},"8":{"start":{"line":25,"column":20},"end":{"line":29,"column":null}},"9":{"start":{"line":25,"column":52},"end":{"line":29,"column":4}},"10":{"start":{"line":30,"column":21},"end":{"line":30,"column":null}},"11":{"start":{"line":30,"column":68},"end":{"line":30,"column":81}},"12":{"start":{"line":32,"column":20},"end":{"line":32,"column":null}},"13":{"start":{"line":32,"column":47},"end":{"line":32,"column":70}},"14":{"start":{"line":33,"column":19},"end":{"line":33,"column":null}},"15":{"start":{"line":34,"column":22},"end":{"line":34,"column":null}},"16":{"start":{"line":35,"column":25},"end":{"line":35,"column":null}},"17":{"start":{"line":36,"column":18},"end":{"line":36,"column":null}},"18":{"start":{"line":38,"column":27},"end":{"line":40,"column":null}},"19":{"start":{"line":41,"column":20},"end":{"line":43,"column":null}},"20":{"start":{"line":45,"column":2},"end":{"line":60,"column":null}},"21":{"start":{"line":64,"column":12},"end":{"line":64,"column":null}},"22":{"start":{"line":65,"column":2},"end":{"line":68,"column":null}},"23":{"start":{"line":66,"column":4},"end":{"line":66,"column":null}},"24":{"start":{"line":67,"column":4},"end":{"line":67,"column":null}},"25":{"start":{"line":69,"column":2},"end":{"line":69,"column":null}},"26":{"start":{"line":72,"column":0},"end":{"line":78,"column":null}},"27":{"start":{"line":73,"column":2},"end":{"line":77,"column":null}},"28":{"start":{"line":74,"column":4},"end":{"line":74,"column":null}},"29":{"start":{"line":76,"column":4},"end":{"line":76,"column":null}},"30":{"start":{"line":80,"column":0},"end":{"line":87,"column":null}},"31":{"start":{"line":81,"column":2},"end":{"line":86,"column":null}},"32":{"start":{"line":82,"column":10},"end":{"line":82,"column":null}},"33":{"start":{"line":83,"column":4},"end":{"line":83,"column":null}},"34":{"start":{"line":85,"column":4},"end":{"line":85,"column":null}},"35":{"start":{"line":89,"column":0},"end":{"line":98,"column":null}},"36":{"start":{"line":90,"column":2},"end":{"line":97,"column":null}},"37":{"start":{"line":91,"column":10},"end":{"line":91,"column":null}},"38":{"start":{"line":92,"column":14},"end":{"line":92,"column":null}},"39":{"start":{"line":93,"column":4},"end":{"line":93,"column":null}},"40":{"start":{"line":93,"column":12},"end":{"line":93,"column":null}},"41":{"start":{"line":94,"column":4},"end":{"line":94,"column":null}},"42":{"start":{"line":96,"column":4},"end":{"line":96,"column":null}},"43":{"start":{"line":100,"column":0},"end":{"line":124,"column":null}},"44":{"start":{"line":101,"column":2},"end":{"line":123,"column":null}},"45":{"start":{"line":102,"column":10},"end":{"line":102,"column":null}},"46":{"start":{"line":103,"column":14},"end":{"line":103,"column":null}},"47":{"start":{"line":104,"column":4},"end":{"line":104,"column":null}},"48":{"start":{"line":104,"column":12},"end":{"line":104,"column":null}},"49":{"start":{"line":105,"column":20},"end":{"line":105,"column":null}},"50":{"start":{"line":106,"column":4},"end":{"line":120,"column":null}},"51":{"start":{"line":122,"column":4},"end":{"line":122,"column":null}},"52":{"start":{"line":126,"column":0},"end":{"line":166,"column":null}},"53":{"start":{"line":127,"column":2},"end":{"line":165,"column":null}},"54":{"start":{"line":128,"column":10},"end":{"line":128,"column":null}},"55":{"start":{"line":129,"column":14},"end":{"line":129,"column":null}},"56":{"start":{"line":130,"column":4},"end":{"line":130,"column":null}},"57":{"start":{"line":130,"column":12},"end":{"line":130,"column":null}},"58":{"start":{"line":131,"column":20},"end":{"line":131,"column":null}},"59":{"start":{"line":132,"column":20},"end":{"line":132,"column":null}},"60":{"start":{"line":133,"column":21},"end":{"line":133,"column":null}},"61":{"start":{"line":134,"column":23},"end":{"line":134,"column":null}},"62":{"start":{"line":135,"column":20},"end":{"line":137,"column":null}},"63":{"start":{"line":138,"column":4},"end":{"line":162,"column":null}},"64":{"start":{"line":164,"column":4},"end":{"line":164,"column":null}},"65":{"start":{"line":168,"column":0},"end":{"line":183,"column":null}},"66":{"start":{"line":169,"column":2},"end":{"line":182,"column":null}},"67":{"start":{"line":170,"column":10},"end":{"line":170,"column":null}},"68":{"start":{"line":171,"column":17},"end":{"line":171,"column":null}},"69":{"start":{"line":172,"column":4},"end":{"line":172,"column":null}},"70":{"start":{"line":172,"column":14},"end":{"line":172,"column":null}},"71":{"start":{"line":173,"column":10},"end":{"line":173,"column":null}},"72":{"start":{"line":174,"column":10},"end":{"line":174,"column":null}},"73":{"start":{"line":175,"column":20},"end":{"line":175,"column":null}},"74":{"start":{"line":176,"column":4},"end":{"line":178,"column":null}},"75":{"start":{"line":179,"column":4},"end":{"line":179,"column":null}},"76":{"start":{"line":181,"column":4},"end":{"line":181,"column":null}},"77":{"start":{"line":185,"column":0},"end":{"line":204,"column":null}},"78":{"start":{"line":186,"column":2},"end":{"line":203,"column":null}},"79":{"start":{"line":187,"column":10},"end":{"line":187,"column":null}},"80":{"start":{"line":188,"column":14},"end":{"line":188,"column":null}},"81":{"start":{"line":189,"column":4},"end":{"line":189,"column":null}},"82":{"start":{"line":189,"column":12},"end":{"line":189,"column":null}},"83":{"start":{"line":190,"column":4},"end":{"line":190,"column":null}},"84":{"start":{"line":190,"column":31},"end":{"line":190,"column":null}},"85":{"start":{"line":191,"column":20},"end":{"line":191,"column":null}},"86":{"start":{"line":192,"column":21},"end":{"line":192,"column":null}},"87":{"start":{"line":193,"column":27},"end":{"line":193,"column":null}},"88":{"start":{"line":194,"column":4},"end":{"line":194,"column":null}},"89":{"start":{"line":194,"column":28},"end":{"line":194,"column":null}},"90":{"start":{"line":195,"column":23},"end":{"line":195,"column":null}},"91":{"start":{"line":196,"column":21},"end":{"line":196,"column":null}},"92":{"start":{"line":197,"column":4},"end":{"line":199,"column":null}},"93":{"start":{"line":200,"column":4},"end":{"line":200,"column":null}},"94":{"start":{"line":202,"column":4},"end":{"line":202,"column":null}},"95":{"start":{"line":206,"column":0},"end":{"line":221,"column":null}},"96":{"start":{"line":207,"column":2},"end":{"line":220,"column":null}},"97":{"start":{"line":208,"column":10},"end":{"line":208,"column":null}},"98":{"start":{"line":209,"column":14},"end":{"line":209,"column":null}},"99":{"start":{"line":210,"column":4},"end":{"line":210,"column":null}},"100":{"start":{"line":210,"column":12},"end":{"line":210,"column":null}},"101":{"start":{"line":211,"column":4},"end":{"line":211,"column":null}},"102":{"start":{"line":211,"column":32},"end":{"line":211,"column":null}},"103":{"start":{"line":212,"column":17},"end":{"line":212,"column":null}},"104":{"start":{"line":213,"column":4},"end":{"line":213,"column":null}},"105":{"start":{"line":213,"column":14},"end":{"line":213,"column":null}},"106":{"start":{"line":214,"column":4},"end":{"line":216,"column":null}},"107":{"start":{"line":217,"column":4},"end":{"line":217,"column":null}},"108":{"start":{"line":219,"column":4},"end":{"line":219,"column":null}},"109":{"start":{"line":223,"column":0},"end":{"line":234,"column":null}},"110":{"start":{"line":224,"column":2},"end":{"line":233,"column":null}},"111":{"start":{"line":225,"column":16},"end":{"line":225,"column":null}},"112":{"start":{"line":226,"column":14},"end":{"line":226,"column":null}},"113":{"start":{"line":227,"column":21},"end":{"line":227,"column":null}},"114":{"start":{"line":228,"column":4},"end":{"line":228,"column":null}},"115":{"start":{"line":228,"column":15},"end":{"line":228,"column":51}},"116":{"start":{"line":228,"column":51},"end":{"line":228,"column":64}},"117":{"start":{"line":229,"column":4},"end":{"line":229,"column":null}},"118":{"start":{"line":230,"column":4},"end":{"line":230,"column":null}},"119":{"start":{"line":232,"column":4},"end":{"line":232,"column":null}},"120":{"start":{"line":236,"column":0},"end":{"line":286,"column":null}},"121":{"start":{"line":237,"column":2},"end":{"line":285,"column":null}},"122":{"start":{"line":238,"column":10},"end":{"line":238,"column":null}},"123":{"start":{"line":239,"column":17},"end":{"line":239,"column":null}},"124":{"start":{"line":240,"column":19},"end":{"line":240,"column":null}},"125":{"start":{"line":241,"column":20},"end":{"line":241,"column":null}},"126":{"start":{"line":242,"column":4},"end":{"line":244,"column":null}},"127":{"start":{"line":243,"column":6},"end":{"line":243,"column":null}},"128":{"start":{"line":245,"column":4},"end":{"line":247,"column":null}},"129":{"start":{"line":246,"column":6},"end":{"line":246,"column":null}},"130":{"start":{"line":248,"column":4},"end":{"line":250,"column":null}},"131":{"start":{"line":249,"column":6},"end":{"line":249,"column":null}},"132":{"start":{"line":251,"column":4},"end":{"line":253,"column":null}},"133":{"start":{"line":252,"column":6},"end":{"line":252,"column":null}},"134":{"start":{"line":254,"column":4},"end":{"line":260,"column":null}},"135":{"start":{"line":255,"column":17},"end":{"line":255,"column":null}},"136":{"start":{"line":256,"column":20},"end":{"line":256,"column":null}},"137":{"start":{"line":257,"column":6},"end":{"line":259,"column":null}},"138":{"start":{"line":258,"column":8},"end":{"line":258,"column":null}},"139":{"start":{"line":261,"column":16},"end":{"line":261,"column":null}},"140":{"start":{"line":262,"column":27},"end":{"line":262,"column":null}},"141":{"start":{"line":263,"column":4},"end":{"line":265,"column":null}},"142":{"start":{"line":264,"column":6},"end":{"line":264,"column":null}},"143":{"start":{"line":267,"column":10},"end":{"line":267,"column":null}},"144":{"start":{"line":268,"column":19},"end":{"line":268,"column":null}},"145":{"start":{"line":269,"column":15},"end":{"line":280,"column":null}},"146":{"start":{"line":270,"column":6},"end":{"line":272,"column":null}},"147":{"start":{"line":274,"column":8},"end":{"line":276,"column":null}},"148":{"start":{"line":277,"column":6},"end":{"line":279,"column":null}},"149":{"start":{"line":278,"column":8},"end":{"line":278,"column":null}},"150":{"start":{"line":281,"column":4},"end":{"line":281,"column":null}},"151":{"start":{"line":282,"column":4},"end":{"line":282,"column":null}},"152":{"start":{"line":284,"column":4},"end":{"line":284,"column":null}}},"fnMap":{"0":{"name":"round2","decl":{"start":{"line":10,"column":9},"end":{"line":10,"column":16}},"loc":{"start":{"line":10,"column":27},"end":{"line":12,"column":null}},"line":10},"1":{"name":"computeSessionSummary","decl":{"start":{"line":14,"column":9},"end":{"line":14,"column":31}},"loc":{"start":{"line":14,"column":49},"end":{"line":61,"column":null}},"line":14},"2":{"name":"(anonymous_2)","decl":{"start":{"line":25,"column":39},"end":{"line":25,"column":40}},"loc":{"start":{"line":25,"column":52},"end":{"line":29,"column":4}},"line":25},"3":{"name":"(anonymous_3)","decl":{"start":{"line":30,"column":45},"end":{"line":30,"column":46}},"loc":{"start":{"line":30,"column":68},"end":{"line":30,"column":81}},"line":30},"4":{"name":"(anonymous_4)","decl":{"start":{"line":32,"column":35},"end":{"line":32,"column":36}},"loc":{"start":{"line":32,"column":47},"end":{"line":32,"column":70}},"line":32},"5":{"name":"getRegOr404","decl":{"start":{"line":63,"column":9},"end":{"line":63,"column":21}},"loc":{"start":{"line":63,"column":64},"end":{"line":70,"column":null}},"line":63},"6":{"name":"(anonymous_6)","decl":{"start":{"line":72,"column":29},"end":{"line":72,"column":30}},"loc":{"start":{"line":72,"column":44},"end":{"line":78,"column":1}},"line":72},"7":{"name":"(anonymous_7)","decl":{"start":{"line":80,"column":37},"end":{"line":80,"column":38}},"loc":{"start":{"line":80,"column":52},"end":{"line":87,"column":1}},"line":80},"8":{"name":"(anonymous_8)","decl":{"start":{"line":89,"column":33},"end":{"line":89,"column":34}},"loc":{"start":{"line":89,"column":47},"end":{"line":98,"column":1}},"line":89},"9":{"name":"(anonymous_9)","decl":{"start":{"line":100,"column":41},"end":{"line":100,"column":42}},"loc":{"start":{"line":100,"column":55},"end":{"line":124,"column":1}},"line":100},"10":{"name":"(anonymous_10)","decl":{"start":{"line":126,"column":40},"end":{"line":126,"column":41}},"loc":{"start":{"line":126,"column":54},"end":{"line":166,"column":1}},"line":126},"11":{"name":"(anonymous_11)","decl":{"start":{"line":168,"column":77},"end":{"line":168,"column":78}},"loc":{"start":{"line":168,"column":96},"end":{"line":183,"column":1}},"line":168},"12":{"name":"(anonymous_12)","decl":{"start":{"line":185,"column":82},"end":{"line":185,"column":83}},"loc":{"start":{"line":185,"column":101},"end":{"line":204,"column":1}},"line":185},"13":{"name":"(anonymous_13)","decl":{"start":{"line":206,"column":63},"end":{"line":206,"column":64}},"loc":{"start":{"line":206,"column":82},"end":{"line":221,"column":1}},"line":206},"14":{"name":"(anonymous_14)","decl":{"start":{"line":223,"column":29},"end":{"line":223,"column":30}},"loc":{"start":{"line":223,"column":43},"end":{"line":234,"column":1}},"line":223},"15":{"name":"(anonymous_15)","decl":{"start":{"line":236,"column":72},"end":{"line":236,"column":73}},"loc":{"start":{"line":236,"column":91},"end":{"line":286,"column":1}},"line":236},"16":{"name":"(anonymous_16)","decl":{"start":{"line":269,"column":29},"end":{"line":269,"column":35}},"loc":{"start":{"line":269,"column":35},"end":{"line":280,"column":5}},"line":269}},"branchMap":{"0":{"loc":{"start":{"line":19,"column":51},"end":{"line":19,"column":63}},"type":"binary-expr","locations":[{"start":{"line":19,"column":51},"end":{"line":19,"column":62}},{"start":{"line":19,"column":62},"end":{"line":19,"column":63}}],"line":19},"1":{"loc":{"start":{"line":28,"column":18},"end":{"line":28,"column":30}},"type":"binary-expr","locations":[{"start":{"line":28,"column":18},"end":{"line":28,"column":29}},{"start":{"line":28,"column":29},"end":{"line":28,"column":30}}],"line":28},"2":{"loc":{"start":{"line":32,"column":20},"end":{"line":32,"column":null}},"type":"binary-expr","locations":[{"start":{"line":32,"column":20},"end":{"line":32,"column":82}},{"start":{"line":32,"column":82},"end":{"line":32,"column":null}}],"line":32},"3":{"loc":{"start":{"line":33,"column":19},"end":{"line":33,"column":null}},"type":"binary-expr","locations":[{"start":{"line":33,"column":19},"end":{"line":33,"column":43}},{"start":{"line":33,"column":43},"end":{"line":33,"column":64}},{"start":{"line":33,"column":64},"end":{"line":33,"column":null}}],"line":33},"4":{"loc":{"start":{"line":34,"column":22},"end":{"line":34,"column":null}},"type":"binary-expr","locations":[{"start":{"line":34,"column":22},"end":{"line":34,"column":43}},{"start":{"line":34,"column":43},"end":{"line":34,"column":62}},{"start":{"line":34,"column":62},"end":{"line":34,"column":null}}],"line":34},"5":{"loc":{"start":{"line":35,"column":25},"end":{"line":35,"column":null}},"type":"binary-expr","locations":[{"start":{"line":35,"column":25},"end":{"line":35,"column":50}},{"start":{"line":35,"column":50},"end":{"line":35,"column":null}}],"line":35},"6":{"loc":{"start":{"line":36,"column":18},"end":{"line":36,"column":null}},"type":"binary-expr","locations":[{"start":{"line":36,"column":18},"end":{"line":36,"column":38}},{"start":{"line":36,"column":38},"end":{"line":36,"column":null}}],"line":36},"7":{"loc":{"start":{"line":39,"column":11},"end":{"line":39,"column":34}},"type":"binary-expr","locations":[{"start":{"line":39,"column":11},"end":{"line":39,"column":33}},{"start":{"line":39,"column":33},"end":{"line":39,"column":34}}],"line":39},"8":{"loc":{"start":{"line":46,"column":34},"end":{"line":46,"column":57}},"type":"binary-expr","locations":[{"start":{"line":46,"column":34},"end":{"line":46,"column":56}},{"start":{"line":46,"column":56},"end":{"line":46,"column":57}}],"line":46},"9":{"loc":{"start":{"line":48,"column":39},"end":{"line":48,"column":55}},"type":"binary-expr","locations":[{"start":{"line":48,"column":39},"end":{"line":48,"column":54}},{"start":{"line":48,"column":54},"end":{"line":48,"column":55}}],"line":48},"10":{"loc":{"start":{"line":65,"column":2},"end":{"line":68,"column":null}},"type":"if","locations":[{"start":{"line":65,"column":2},"end":{"line":68,"column":null}},{"start":{},"end":{}}],"line":65},"11":{"loc":{"start":{"line":83,"column":36},"end":{"line":83,"column":46}},"type":"binary-expr","locations":[{"start":{"line":83,"column":36},"end":{"line":83,"column":41}},{"start":{"line":83,"column":41},"end":{"line":83,"column":46}}],"line":83},"12":{"loc":{"start":{"line":93,"column":4},"end":{"line":93,"column":null}},"type":"if","locations":[{"start":{"line":93,"column":4},"end":{"line":93,"column":null}},{"start":{},"end":{}}],"line":93},"13":{"loc":{"start":{"line":104,"column":4},"end":{"line":104,"column":null}},"type":"if","locations":[{"start":{"line":104,"column":4},"end":{"line":104,"column":null}},{"start":{},"end":{}}],"line":104},"14":{"loc":{"start":{"line":130,"column":4},"end":{"line":130,"column":null}},"type":"if","locations":[{"start":{"line":130,"column":4},"end":{"line":130,"column":null}},{"start":{},"end":{}}],"line":130},"15":{"loc":{"start":{"line":132,"column":27},"end":{"line":132,"column":48}},"type":"binary-expr","locations":[{"start":{"line":132,"column":27},"end":{"line":132,"column":47}},{"start":{"line":132,"column":47},"end":{"line":132,"column":48}}],"line":132},"16":{"loc":{"start":{"line":133,"column":21},"end":{"line":133,"column":null}},"type":"cond-expr","locations":[{"start":{"line":133,"column":46},"end":{"line":133,"column":78}},{"start":{"line":133,"column":78},"end":{"line":133,"column":null}}],"line":133},"17":{"loc":{"start":{"line":133,"column":53},"end":{"line":133,"column":74}},"type":"binary-expr","locations":[{"start":{"line":133,"column":53},"end":{"line":133,"column":73}},{"start":{"line":133,"column":73},"end":{"line":133,"column":74}}],"line":133},"18":{"loc":{"start":{"line":135,"column":20},"end":{"line":137,"column":null}},"type":"cond-expr","locations":[{"start":{"line":135,"column":45},"end":{"line":135,"column":null}},{"start":{"line":136,"column":8},"end":{"line":137,"column":null}}],"line":135},"19":{"loc":{"start":{"line":136,"column":8},"end":{"line":137,"column":null}},"type":"cond-expr","locations":[{"start":{"line":136,"column":39},"end":{"line":136,"column":null}},{"start":{"line":137,"column":8},"end":{"line":137,"column":null}}],"line":136},"20":{"loc":{"start":{"line":137,"column":8},"end":{"line":137,"column":null}},"type":"cond-expr","locations":[{"start":{"line":137,"column":25},"end":{"line":137,"column":36}},{"start":{"line":137,"column":36},"end":{"line":137,"column":null}}],"line":137},"21":{"loc":{"start":{"line":157,"column":19},"end":{"line":157,"column":null}},"type":"cond-expr","locations":[{"start":{"line":157,"column":44},"end":{"line":157,"column":54}},{"start":{"line":157,"column":54},"end":{"line":157,"column":null}}],"line":157},"22":{"loc":{"start":{"line":158,"column":22},"end":{"line":158,"column":null}},"type":"cond-expr","locations":[{"start":{"line":158,"column":47},"end":{"line":158,"column":60}},{"start":{"line":158,"column":60},"end":{"line":158,"column":null}}],"line":158},"23":{"loc":{"start":{"line":172,"column":4},"end":{"line":172,"column":null}},"type":"if","locations":[{"start":{"line":172,"column":4},"end":{"line":172,"column":null}},{"start":{},"end":{}}],"line":172},"24":{"loc":{"start":{"line":175,"column":32},"end":{"line":175,"column":68}},"type":"binary-expr","locations":[{"start":{"line":175,"column":32},"end":{"line":175,"column":67}},{"start":{"line":175,"column":67},"end":{"line":175,"column":68}}],"line":175},"25":{"loc":{"start":{"line":189,"column":4},"end":{"line":189,"column":null}},"type":"if","locations":[{"start":{"line":189,"column":4},"end":{"line":189,"column":null}},{"start":{},"end":{}}],"line":189},"26":{"loc":{"start":{"line":190,"column":4},"end":{"line":190,"column":null}},"type":"if","locations":[{"start":{"line":190,"column":4},"end":{"line":190,"column":null}},{"start":{},"end":{}}],"line":190},"27":{"loc":{"start":{"line":193,"column":34},"end":{"line":193,"column":70}},"type":"binary-expr","locations":[{"start":{"line":193,"column":34},"end":{"line":193,"column":69}},{"start":{"line":193,"column":69},"end":{"line":193,"column":70}}],"line":193},"28":{"loc":{"start":{"line":194,"column":4},"end":{"line":194,"column":null}},"type":"if","locations":[{"start":{"line":194,"column":4},"end":{"line":194,"column":null}},{"start":{},"end":{}}],"line":194},"29":{"loc":{"start":{"line":196,"column":21},"end":{"line":196,"column":null}},"type":"cond-expr","locations":[{"start":{"line":196,"column":70},"end":{"line":196,"column":98}},{"start":{"line":196,"column":98},"end":{"line":196,"column":null}}],"line":196},"30":{"loc":{"start":{"line":196,"column":21},"end":{"line":196,"column":70}},"type":"binary-expr","locations":[{"start":{"line":196,"column":21},"end":{"line":196,"column":50}},{"start":{"line":196,"column":50},"end":{"line":196,"column":70}}],"line":196},"31":{"loc":{"start":{"line":210,"column":4},"end":{"line":210,"column":null}},"type":"if","locations":[{"start":{"line":210,"column":4},"end":{"line":210,"column":null}},{"start":{},"end":{}}],"line":210},"32":{"loc":{"start":{"line":211,"column":4},"end":{"line":211,"column":null}},"type":"if","locations":[{"start":{"line":211,"column":4},"end":{"line":211,"column":null}},{"start":{},"end":{}}],"line":211},"33":{"loc":{"start":{"line":213,"column":4},"end":{"line":213,"column":null}},"type":"if","locations":[{"start":{"line":213,"column":4},"end":{"line":213,"column":null}},{"start":{},"end":{}}],"line":213},"34":{"loc":{"start":{"line":228,"column":4},"end":{"line":228,"column":null}},"type":"if","locations":[{"start":{"line":228,"column":4},"end":{"line":228,"column":null}},{"start":{},"end":{}}],"line":228},"35":{"loc":{"start":{"line":239,"column":24},"end":{"line":239,"column":43}},"type":"binary-expr","locations":[{"start":{"line":239,"column":24},"end":{"line":239,"column":41}},{"start":{"line":239,"column":41},"end":{"line":239,"column":43}}],"line":239},"36":{"loc":{"start":{"line":240,"column":26},"end":{"line":240,"column":54}},"type":"binary-expr","locations":[{"start":{"line":240,"column":26},"end":{"line":240,"column":53}},{"start":{"line":240,"column":53},"end":{"line":240,"column":54}}],"line":240},"37":{"loc":{"start":{"line":242,"column":4},"end":{"line":244,"column":null}},"type":"if","locations":[{"start":{"line":242,"column":4},"end":{"line":244,"column":null}},{"start":{},"end":{}}],"line":242},"38":{"loc":{"start":{"line":245,"column":4},"end":{"line":247,"column":null}},"type":"if","locations":[{"start":{"line":245,"column":4},"end":{"line":247,"column":null}},{"start":{},"end":{}}],"line":245},"39":{"loc":{"start":{"line":245,"column":8},"end":{"line":245,"column":56}},"type":"binary-expr","locations":[{"start":{"line":245,"column":8},"end":{"line":245,"column":29}},{"start":{"line":245,"column":29},"end":{"line":245,"column":56}}],"line":245},"40":{"loc":{"start":{"line":248,"column":4},"end":{"line":250,"column":null}},"type":"if","locations":[{"start":{"line":248,"column":4},"end":{"line":250,"column":null}},{"start":{},"end":{}}],"line":248},"41":{"loc":{"start":{"line":248,"column":8},"end":{"line":248,"column":42}},"type":"binary-expr","locations":[{"start":{"line":248,"column":8},"end":{"line":248,"column":23}},{"start":{"line":248,"column":23},"end":{"line":248,"column":42}}],"line":248},"42":{"loc":{"start":{"line":251,"column":4},"end":{"line":253,"column":null}},"type":"if","locations":[{"start":{"line":251,"column":4},"end":{"line":253,"column":null}},{"start":{},"end":{}}],"line":251},"43":{"loc":{"start":{"line":251,"column":8},"end":{"line":251,"column":96}},"type":"binary-expr","locations":[{"start":{"line":251,"column":8},"end":{"line":251,"column":33}},{"start":{"line":251,"column":33},"end":{"line":251,"column":96}}],"line":251},"44":{"loc":{"start":{"line":251,"column":41},"end":{"line":251,"column":86}},"type":"binary-expr","locations":[{"start":{"line":251,"column":41},"end":{"line":251,"column":65}},{"start":{"line":251,"column":65},"end":{"line":251,"column":84}},{"start":{"line":251,"column":84},"end":{"line":251,"column":86}}],"line":251},"45":{"loc":{"start":{"line":254,"column":4},"end":{"line":260,"column":null}},"type":"if","locations":[{"start":{"line":254,"column":4},"end":{"line":260,"column":null}},{"start":{},"end":{}}],"line":254},"46":{"loc":{"start":{"line":254,"column":8},"end":{"line":254,"column":57}},"type":"binary-expr","locations":[{"start":{"line":254,"column":8},"end":{"line":254,"column":30}},{"start":{"line":254,"column":30},"end":{"line":254,"column":57}}],"line":254},"47":{"loc":{"start":{"line":256,"column":20},"end":{"line":256,"column":null}},"type":"binary-expr","locations":[{"start":{"line":256,"column":20},"end":{"line":256,"column":51}},{"start":{"line":256,"column":51},"end":{"line":256,"column":null}}],"line":256},"48":{"loc":{"start":{"line":257,"column":6},"end":{"line":259,"column":null}},"type":"if","locations":[{"start":{"line":257,"column":6},"end":{"line":259,"column":null}},{"start":{},"end":{}}],"line":257},"49":{"loc":{"start":{"line":257,"column":10},"end":{"line":257,"column":39}},"type":"binary-expr","locations":[{"start":{"line":257,"column":10},"end":{"line":257,"column":23}},{"start":{"line":257,"column":23},"end":{"line":257,"column":39}}],"line":257},"50":{"loc":{"start":{"line":262,"column":27},"end":{"line":262,"column":null}},"type":"binary-expr","locations":[{"start":{"line":262,"column":27},"end":{"line":262,"column":54}},{"start":{"line":262,"column":54},"end":{"line":262,"column":null}}],"line":262},"51":{"loc":{"start":{"line":263,"column":4},"end":{"line":265,"column":null}},"type":"if","locations":[{"start":{"line":263,"column":4},"end":{"line":265,"column":null}},{"start":{},"end":{}}],"line":263},"52":{"loc":{"start":{"line":268,"column":26},"end":{"line":268,"column":71}},"type":"binary-expr","locations":[{"start":{"line":268,"column":26},"end":{"line":268,"column":45}},{"start":{"line":268,"column":45},"end":{"line":268,"column":69}},{"start":{"line":268,"column":69},"end":{"line":268,"column":71}}],"line":268},"53":{"loc":{"start":{"line":271,"column":42},"end":{"line":271,"column":74}},"type":"binary-expr","locations":[{"start":{"line":271,"column":42},"end":{"line":271,"column":66}},{"start":{"line":271,"column":66},"end":{"line":271,"column":74}}],"line":271},"54":{"loc":{"start":{"line":271,"column":136},"end":{"line":271,"column":null}},"type":"binary-expr","locations":[{"start":{"line":271,"column":136},"end":{"line":271,"column":160}},{"start":{"line":271,"column":160},"end":{"line":271,"column":null}}],"line":271},"55":{"loc":{"start":{"line":274,"column":8},"end":{"line":276,"column":null}},"type":"cond-expr","locations":[{"start":{"line":274,"column":80},"end":{"line":274,"column":null}},{"start":{"line":275,"column":8},"end":{"line":276,"column":null}}],"line":274},"56":{"loc":{"start":{"line":274,"column":8},"end":{"line":274,"column":80}},"type":"binary-expr","locations":[{"start":{"line":274,"column":8},"end":{"line":274,"column":33}},{"start":{"line":274,"column":33},"end":{"line":274,"column":55}},{"start":{"line":274,"column":55},"end":{"line":274,"column":80}}],"line":274},"57":{"loc":{"start":{"line":275,"column":8},"end":{"line":276,"column":null}},"type":"cond-expr","locations":[{"start":{"line":275,"column":49},"end":{"line":275,"column":null}},{"start":{"line":276,"column":8},"end":{"line":276,"column":null}}],"line":275},"58":{"loc":{"start":{"line":275,"column":8},"end":{"line":275,"column":49}},"type":"binary-expr","locations":[{"start":{"line":275,"column":8},"end":{"line":275,"column":30}},{"start":{"line":275,"column":30},"end":{"line":275,"column":49}}],"line":275},"59":{"loc":{"start":{"line":277,"column":6},"end":{"line":279,"column":null}},"type":"if","locations":[{"start":{"line":277,"column":6},"end":{"line":279,"column":null}},{"start":{},"end":{}}],"line":277},"60":{"loc":{"start":{"line":277,"column":10},"end":{"line":277,"column":48}},"type":"binary-expr","locations":[{"start":{"line":277,"column":10},"end":{"line":277,"column":29}},{"start":{"line":277,"column":29},"end":{"line":277,"column":48}}],"line":277}},"s":{"0":1,"1":1,"2":149,"3":8,"4":8,"5":8,"6":36,"7":8,"8":8,"9":30,"10":8,"11":30,"12":8,"13":15,"14":8,"15":8,"16":8,"17":8,"18":8,"19":8,"20":8,"21":10,"22":10,"23":0,"24":0,"25":10,"26":1,"27":0,"28":0,"29":0,"30":1,"31":23,"32":23,"33":23,"34":0,"35":1,"36":2,"37":2,"38":2,"39":2,"40":0,"41":2,"42":0,"43":1,"44":3,"45":3,"46":3,"47":3,"48":0,"49":3,"50":3,"51":0,"52":1,"53":1,"54":1,"55":1,"56":1,"57":0,"58":1,"59":1,"60":1,"61":1,"62":1,"63":1,"64":0,"65":1,"66":2,"67":2,"68":2,"69":2,"70":1,"71":1,"72":1,"73":1,"74":2,"75":2,"76":0,"77":1,"78":2,"79":2,"80":2,"81":2,"82":0,"83":2,"84":0,"85":2,"86":2,"87":2,"88":2,"89":0,"90":2,"91":2,"92":2,"93":2,"94":0,"95":1,"96":2,"97":2,"98":2,"99":2,"100":0,"101":2,"102":0,"103":2,"104":2,"105":0,"106":2,"107":2,"108":0,"109":1,"110":1,"111":1,"112":1,"113":1,"114":1,"115":1,"116":1,"117":1,"118":1,"119":0,"120":1,"121":6,"122":6,"123":6,"124":6,"125":6,"126":6,"127":0,"128":6,"129":0,"130":6,"131":0,"132":6,"133":1,"134":5,"135":2,"136":2,"137":2,"138":1,"139":4,"140":4,"141":6,"142":0,"143":4,"144":4,"145":6,"146":4,"147":4,"148":4,"149":4,"150":6,"151":6,"152":0},"f":{"0":149,"1":8,"2":30,"3":30,"4":15,"5":10,"6":0,"7":23,"8":2,"9":3,"10":1,"11":2,"12":2,"13":2,"14":1,"15":6,"16":4},"b":{"0":[36,0],"1":[30,0],"2":[8,0],"3":[8,1,1],"4":[8,1,1],"5":[8,1],"6":[8,1],"7":[8,0],"8":[8,0],"9":[8,0],"10":[0,10],"11":[23,1],"12":[0,2],"13":[0,3],"14":[0,1],"15":[1,0],"16":[1,0],"17":[1,0],"18":[0,1],"19":[0,1],"20":[1,0],"21":[1,0],"22":[1,0],"23":[1,1],"24":[1,0],"25":[0,2],"26":[0,2],"27":[2,0],"28":[0,2],"29":[0,2],"30":[2,2],"31":[0,2],"32":[0,2],"33":[0,2],"34":[1,0],"35":[6,0],"36":[6,0],"37":[0,6],"38":[0,6],"39":[6,0],"40":[0,6],"41":[6,0],"42":[1,5],"43":[6,2],"44":[2,1,1],"45":[2,3],"46":[5,4],"47":[2,0],"48":[1,1],"49":[2,2],"50":[4,4],"51":[0,6],"52":[4,3,0],"53":[4,0],"54":[4,4],"55":[1,3],"56":[4,3,3],"57":[3,0],"58":[3,0],"59":[4,0],"60":[4,4]},"meta":{"lastBranch":61,"lastFunction":17,"lastStatement":153,"seen":{"s:7:26:7:Infinity":0,"s:8:0:8:Infinity":1,"f:10:9:10:16":0,"s:11:2:11:Infinity":2,"f:14:9:14:31":1,"s:15:18:17:Infinity":3,"s:18:41:18:Infinity":4,"s:19:2:19:Infinity":5,"s:19:27:19:Infinity":6,"b:19:51:19:62:19:62:19:63":0,"s:21:25:24:Infinity":7,"s:25:20:29:Infinity":8,"f:25:39:25:40":2,"s:25:52:29:4":9,"b:28:18:28:29:28:29:28:30":1,"s:30:21:30:Infinity":10,"f:30:45:30:46":3,"s:30:68:30:81":11,"s:32:20:32:Infinity":12,"b:32:20:32:82:32:82:32:Infinity":2,"f:32:35:32:36":4,"s:32:47:32:70":13,"s:33:19:33:Infinity":14,"b:33:19:33:43:33:43:33:64:33:64:33:Infinity":3,"s:34:22:34:Infinity":15,"b:34:22:34:43:34:43:34:62:34:62:34:Infinity":4,"s:35:25:35:Infinity":16,"b:35:25:35:50:35:50:35:Infinity":5,"s:36:18:36:Infinity":17,"b:36:18:36:38:36:38:36:Infinity":6,"s:38:27:40:Infinity":18,"b:39:11:39:33:39:33:39:34":7,"s:41:20:43:Infinity":19,"s:45:2:60:Infinity":20,"b:46:34:46:56:46:56:46:57":8,"b:48:39:48:54:48:54:48:55":9,"f:63:9:63:21":5,"s:64:12:64:Infinity":21,"b:65:2:68:Infinity:undefined:undefined:undefined:undefined":10,"s:65:2:68:Infinity":22,"s:66:4:66:Infinity":23,"s:67:4:67:Infinity":24,"s:69:2:69:Infinity":25,"s:72:0:78:Infinity":26,"f:72:29:72:30":6,"s:73:2:77:Infinity":27,"s:74:4:74:Infinity":28,"s:76:4:76:Infinity":29,"s:80:0:87:Infinity":30,"f:80:37:80:38":7,"s:81:2:86:Infinity":31,"s:82:10:82:Infinity":32,"s:83:4:83:Infinity":33,"b:83:36:83:41:83:41:83:46":11,"s:85:4:85:Infinity":34,"s:89:0:98:Infinity":35,"f:89:33:89:34":8,"s:90:2:97:Infinity":36,"s:91:10:91:Infinity":37,"s:92:14:92:Infinity":38,"b:93:4:93:Infinity:undefined:undefined:undefined:undefined":12,"s:93:4:93:Infinity":39,"s:93:12:93:Infinity":40,"s:94:4:94:Infinity":41,"s:96:4:96:Infinity":42,"s:100:0:124:Infinity":43,"f:100:41:100:42":9,"s:101:2:123:Infinity":44,"s:102:10:102:Infinity":45,"s:103:14:103:Infinity":46,"b:104:4:104:Infinity:undefined:undefined:undefined:undefined":13,"s:104:4:104:Infinity":47,"s:104:12:104:Infinity":48,"s:105:20:105:Infinity":49,"s:106:4:120:Infinity":50,"s:122:4:122:Infinity":51,"s:126:0:166:Infinity":52,"f:126:40:126:41":10,"s:127:2:165:Infinity":53,"s:128:10:128:Infinity":54,"s:129:14:129:Infinity":55,"b:130:4:130:Infinity:undefined:undefined:undefined:undefined":14,"s:130:4:130:Infinity":56,"s:130:12:130:Infinity":57,"s:131:20:131:Infinity":58,"s:132:20:132:Infinity":59,"b:132:27:132:47:132:47:132:48":15,"s:133:21:133:Infinity":60,"b:133:46:133:78:133:78:133:Infinity":16,"b:133:53:133:73:133:73:133:74":17,"s:134:23:134:Infinity":61,"s:135:20:137:Infinity":62,"b:135:45:135:Infinity:136:8:137:Infinity":18,"b:136:39:136:Infinity:137:8:137:Infinity":19,"b:137:25:137:36:137:36:137:Infinity":20,"s:138:4:162:Infinity":63,"b:157:44:157:54:157:54:157:Infinity":21,"b:158:47:158:60:158:60:158:Infinity":22,"s:164:4:164:Infinity":64,"s:168:0:183:Infinity":65,"f:168:77:168:78":11,"s:169:2:182:Infinity":66,"s:170:10:170:Infinity":67,"s:171:17:171:Infinity":68,"b:172:4:172:Infinity:undefined:undefined:undefined:undefined":23,"s:172:4:172:Infinity":69,"s:172:14:172:Infinity":70,"s:173:10:173:Infinity":71,"s:174:10:174:Infinity":72,"s:175:20:175:Infinity":73,"b:175:32:175:67:175:67:175:68":24,"s:176:4:178:Infinity":74,"s:179:4:179:Infinity":75,"s:181:4:181:Infinity":76,"s:185:0:204:Infinity":77,"f:185:82:185:83":12,"s:186:2:203:Infinity":78,"s:187:10:187:Infinity":79,"s:188:14:188:Infinity":80,"b:189:4:189:Infinity:undefined:undefined:undefined:undefined":25,"s:189:4:189:Infinity":81,"s:189:12:189:Infinity":82,"b:190:4:190:Infinity:undefined:undefined:undefined:undefined":26,"s:190:4:190:Infinity":83,"s:190:31:190:Infinity":84,"s:191:20:191:Infinity":85,"s:192:21:192:Infinity":86,"s:193:27:193:Infinity":87,"b:193:34:193:69:193:69:193:70":27,"b:194:4:194:Infinity:undefined:undefined:undefined:undefined":28,"s:194:4:194:Infinity":88,"s:194:28:194:Infinity":89,"s:195:23:195:Infinity":90,"s:196:21:196:Infinity":91,"b:196:70:196:98:196:98:196:Infinity":29,"b:196:21:196:50:196:50:196:70":30,"s:197:4:199:Infinity":92,"s:200:4:200:Infinity":93,"s:202:4:202:Infinity":94,"s:206:0:221:Infinity":95,"f:206:63:206:64":13,"s:207:2:220:Infinity":96,"s:208:10:208:Infinity":97,"s:209:14:209:Infinity":98,"b:210:4:210:Infinity:undefined:undefined:undefined:undefined":31,"s:210:4:210:Infinity":99,"s:210:12:210:Infinity":100,"b:211:4:211:Infinity:undefined:undefined:undefined:undefined":32,"s:211:4:211:Infinity":101,"s:211:32:211:Infinity":102,"s:212:17:212:Infinity":103,"b:213:4:213:Infinity:undefined:undefined:undefined:undefined":33,"s:213:4:213:Infinity":104,"s:213:14:213:Infinity":105,"s:214:4:216:Infinity":106,"s:217:4:217:Infinity":107,"s:219:4:219:Infinity":108,"s:223:0:234:Infinity":109,"f:223:29:223:30":14,"s:224:2:233:Infinity":110,"s:225:16:225:Infinity":111,"s:226:14:226:Infinity":112,"s:227:21:227:Infinity":113,"b:228:4:228:Infinity:undefined:undefined:undefined:undefined":34,"s:228:4:228:Infinity":114,"s:228:15:228:51":115,"s:228:51:228:64":116,"s:229:4:229:Infinity":117,"s:230:4:230:Infinity":118,"s:232:4:232:Infinity":119,"s:236:0:286:Infinity":120,"f:236:72:236:73":15,"s:237:2:285:Infinity":121,"s:238:10:238:Infinity":122,"s:239:17:239:Infinity":123,"b:239:24:239:41:239:41:239:43":35,"s:240:19:240:Infinity":124,"b:240:26:240:53:240:53:240:54":36,"s:241:20:241:Infinity":125,"b:242:4:244:Infinity:undefined:undefined:undefined:undefined":37,"s:242:4:244:Infinity":126,"s:243:6:243:Infinity":127,"b:245:4:247:Infinity:undefined:undefined:undefined:undefined":38,"s:245:4:247:Infinity":128,"b:245:8:245:29:245:29:245:56":39,"s:246:6:246:Infinity":129,"b:248:4:250:Infinity:undefined:undefined:undefined:undefined":40,"s:248:4:250:Infinity":130,"b:248:8:248:23:248:23:248:42":41,"s:249:6:249:Infinity":131,"b:251:4:253:Infinity:undefined:undefined:undefined:undefined":42,"s:251:4:253:Infinity":132,"b:251:8:251:33:251:33:251:96":43,"b:251:41:251:65:251:65:251:84:251:84:251:86":44,"s:252:6:252:Infinity":133,"b:254:4:260:Infinity:undefined:undefined:undefined:undefined":45,"s:254:4:260:Infinity":134,"b:254:8:254:30:254:30:254:57":46,"s:255:17:255:Infinity":135,"s:256:20:256:Infinity":136,"b:256:20:256:51:256:51:256:Infinity":47,"b:257:6:259:Infinity:undefined:undefined:undefined:undefined":48,"s:257:6:259:Infinity":137,"b:257:10:257:23:257:23:257:39":49,"s:258:8:258:Infinity":138,"s:261:16:261:Infinity":139,"s:262:27:262:Infinity":140,"b:262:27:262:54:262:54:262:Infinity":50,"b:263:4:265:Infinity:undefined:undefined:undefined:undefined":51,"s:263:4:265:Infinity":141,"s:264:6:264:Infinity":142,"s:267:10:267:Infinity":143,"s:268:19:268:Infinity":144,"b:268:26:268:45:268:45:268:69:268:69:268:71":52,"s:269:15:280:Infinity":145,"f:269:29:269:35":16,"s:270:6:272:Infinity":146,"b:271:42:271:66:271:66:271:74":53,"b:271:136:271:160:271:160:271:Infinity":54,"s:274:8:276:Infinity":147,"b:274:80:274:Infinity:275:8:276:Infinity":55,"b:274:8:274:33:274:33:274:55:274:55:274:80":56,"b:275:49:275:Infinity:276:8:276:Infinity":57,"b:275:8:275:30:275:30:275:49":58,"b:277:6:279:Infinity:undefined:undefined:undefined:undefined":59,"s:277:6:279:Infinity":148,"b:277:10:277:29:277:29:277:48":60,"s:278:8:278:Infinity":149,"s:281:4:281:Infinity":150,"s:282:4:282:Infinity":151,"s:284:4:284:Infinity":152},"fnNames":{}}}
,"C:\\vendaspro\\server\\routes\\customers.ts": {"path":"C:\\vendaspro\\server\\routes\\customers.ts","statementMap":{"0":{"start":{"line":8,"column":31},"end":{"line":8,"column":null}},"1":{"start":{"line":9,"column":0},"end":{"line":9,"column":null}},"2":{"start":{"line":11,"column":0},"end":{"line":21,"column":null}},"3":{"start":{"line":12,"column":2},"end":{"line":20,"column":null}},"4":{"start":{"line":13,"column":28},"end":{"line":13,"column":null}},"5":{"start":{"line":14,"column":10},"end":{"line":16,"column":null}},"6":{"start":{"line":17,"column":4},"end":{"line":17,"column":null}},"7":{"start":{"line":19,"column":4},"end":{"line":19,"column":null}},"8":{"start":{"line":23,"column":0},"end":{"line":31,"column":null}},"9":{"start":{"line":24,"column":2},"end":{"line":30,"column":null}},"10":{"start":{"line":25,"column":10},"end":{"line":25,"column":null}},"11":{"start":{"line":26,"column":4},"end":{"line":26,"column":null}},"12":{"start":{"line":26,"column":12},"end":{"line":26,"column":null}},"13":{"start":{"line":27,"column":4},"end":{"line":27,"column":null}},"14":{"start":{"line":29,"column":4},"end":{"line":29,"column":null}},"15":{"start":{"line":33,"column":0},"end":{"line":49,"column":null}},"16":{"start":{"line":34,"column":2},"end":{"line":48,"column":null}},"17":{"start":{"line":35,"column":19},"end":{"line":35,"column":null}},"18":{"start":{"line":36,"column":4},"end":{"line":38,"column":null}},"19":{"start":{"line":37,"column":6},"end":{"line":37,"column":null}},"20":{"start":{"line":37,"column":110},"end":{"line":37,"column":145}},"21":{"start":{"line":39,"column":17},"end":{"line":39,"column":null}},"22":{"start":{"line":40,"column":10},"end":{"line":40,"column":null}},"23":{"start":{"line":41,"column":4},"end":{"line":44,"column":null}},"24":{"start":{"line":45,"column":4},"end":{"line":45,"column":null}},"25":{"start":{"line":47,"column":4},"end":{"line":47,"column":null}},"26":{"start":{"line":51,"column":0},"end":{"line":73,"column":null}},"27":{"start":{"line":52,"column":2},"end":{"line":72,"column":null}},"28":{"start":{"line":53,"column":19},"end":{"line":53,"column":null}},"29":{"start":{"line":54,"column":4},"end":{"line":56,"column":null}},"30":{"start":{"line":55,"column":6},"end":{"line":55,"column":null}},"31":{"start":{"line":55,"column":110},"end":{"line":55,"column":145}},"32":{"start":{"line":57,"column":17},"end":{"line":57,"column":null}},"33":{"start":{"line":58,"column":10},"end":{"line":58,"column":null}},"34":{"start":{"line":59,"column":24},"end":{"line":59,"column":28}},"35":{"start":{"line":59,"column":45},"end":{"line":59,"column":null}},"36":{"start":{"line":60,"column":4},"end":{"line":65,"column":null}},"37":{"start":{"line":61,"column":6},"end":{"line":64,"column":null}},"38":{"start":{"line":62,"column":8},"end":{"line":62,"column":null}},"39":{"start":{"line":63,"column":8},"end":{"line":63,"column":null}},"40":{"start":{"line":66,"column":4},"end":{"line":66,"column":null}},"41":{"start":{"line":66,"column":19},"end":{"line":66,"column":null}},"42":{"start":{"line":67,"column":4},"end":{"line":67,"column":null}},"43":{"start":{"line":68,"column":4},"end":{"line":68,"column":null}},"44":{"start":{"line":69,"column":4},"end":{"line":69,"column":null}},"45":{"start":{"line":71,"column":4},"end":{"line":71,"column":null}},"46":{"start":{"line":75,"column":0},"end":{"line":109,"column":null}},"47":{"start":{"line":76,"column":2},"end":{"line":108,"column":null}},"48":{"start":{"line":77,"column":19},"end":{"line":77,"column":null}},"49":{"start":{"line":78,"column":4},"end":{"line":80,"column":null}},"50":{"start":{"line":79,"column":6},"end":{"line":79,"column":null}},"51":{"start":{"line":79,"column":110},"end":{"line":79,"column":145}},"52":{"start":{"line":81,"column":36},"end":{"line":81,"column":null}},"53":{"start":{"line":82,"column":10},"end":{"line":82,"column":null}},"54":{"start":{"line":83,"column":17},"end":{"line":83,"column":null}},"55":{"start":{"line":84,"column":4},"end":{"line":84,"column":null}},"56":{"start":{"line":84,"column":15},"end":{"line":84,"column":null}},"57":{"start":{"line":85,"column":4},"end":{"line":87,"column":null}},"58":{"start":{"line":86,"column":6},"end":{"line":86,"column":null}},"59":{"start":{"line":88,"column":20},"end":{"line":88,"column":null}},"60":{"start":{"line":89,"column":4},"end":{"line":91,"column":null}},"61":{"start":{"line":90,"column":6},"end":{"line":90,"column":null}},"62":{"start":{"line":92,"column":15},"end":{"line":103,"column":null}},"63":{"start":{"line":93,"column":22},"end":{"line":93,"column":null}},"64":{"start":{"line":94,"column":24},"end":{"line":96,"column":null}},"65":{"start":{"line":97,"column":6},"end":{"line":97,"column":null}},"66":{"start":{"line":98,"column":6},"end":{"line":98,"column":null}},"67":{"start":{"line":99,"column":6},"end":{"line":102,"column":null}},"68":{"start":{"line":104,"column":4},"end":{"line":104,"column":null}},"69":{"start":{"line":105,"column":4},"end":{"line":105,"column":null}},"70":{"start":{"line":107,"column":4},"end":{"line":107,"column":null}}},"fnMap":{"0":{"name":"(anonymous_0)","decl":{"start":{"line":11,"column":25},"end":{"line":11,"column":26}},"loc":{"start":{"line":11,"column":39},"end":{"line":21,"column":1}},"line":11},"1":{"name":"(anonymous_1)","decl":{"start":{"line":23,"column":28},"end":{"line":23,"column":29}},"loc":{"start":{"line":23,"column":42},"end":{"line":31,"column":1}},"line":23},"2":{"name":"(anonymous_2)","decl":{"start":{"line":33,"column":26},"end":{"line":33,"column":27}},"loc":{"start":{"line":33,"column":45},"end":{"line":49,"column":1}},"line":33},"3":{"name":"(anonymous_3)","decl":{"start":{"line":37,"column":105},"end":{"line":37,"column":110}},"loc":{"start":{"line":37,"column":110},"end":{"line":37,"column":145}},"line":37},"4":{"name":"(anonymous_4)","decl":{"start":{"line":51,"column":28},"end":{"line":51,"column":29}},"loc":{"start":{"line":51,"column":47},"end":{"line":73,"column":1}},"line":51},"5":{"name":"(anonymous_5)","decl":{"start":{"line":55,"column":105},"end":{"line":55,"column":110}},"loc":{"start":{"line":55,"column":110},"end":{"line":55,"column":145}},"line":55},"6":{"name":"(anonymous_6)","decl":{"start":{"line":75,"column":38},"end":{"line":75,"column":39}},"loc":{"start":{"line":75,"column":57},"end":{"line":109,"column":1}},"line":75},"7":{"name":"(anonymous_7)","decl":{"start":{"line":79,"column":105},"end":{"line":79,"column":110}},"loc":{"start":{"line":79,"column":110},"end":{"line":79,"column":145}},"line":79},"8":{"name":"(anonymous_8)","decl":{"start":{"line":92,"column":29},"end":{"line":92,"column":35}},"loc":{"start":{"line":92,"column":35},"end":{"line":103,"column":5}},"line":92}},"branchMap":{"0":{"loc":{"start":{"line":15,"column":48},"end":{"line":15,"column":86}},"type":"cond-expr","locations":[{"start":{"line":15,"column":66},"end":{"line":15,"column":74}},{"start":{"line":15,"column":74},"end":{"line":15,"column":86}}],"line":15},"1":{"loc":{"start":{"line":26,"column":4},"end":{"line":26,"column":null}},"type":"if","locations":[{"start":{"line":26,"column":4},"end":{"line":26,"column":null}},{"start":{},"end":{}}],"line":26},"2":{"loc":{"start":{"line":36,"column":4},"end":{"line":38,"column":null}},"type":"if","locations":[{"start":{"line":36,"column":4},"end":{"line":38,"column":null}},{"start":{},"end":{}}],"line":36},"3":{"loc":{"start":{"line":42,"column":38},"end":{"line":42,"column":54}},"type":"binary-expr","locations":[{"start":{"line":42,"column":38},"end":{"line":42,"column":50}},{"start":{"line":42,"column":50},"end":{"line":42,"column":54}}],"line":42},"4":{"loc":{"start":{"line":42,"column":54},"end":{"line":42,"column":72}},"type":"binary-expr","locations":[{"start":{"line":42,"column":54},"end":{"line":42,"column":68}},{"start":{"line":42,"column":68},"end":{"line":42,"column":72}}],"line":42},"5":{"loc":{"start":{"line":42,"column":72},"end":{"line":42,"column":null}},"type":"binary-expr","locations":[{"start":{"line":42,"column":72},"end":{"line":42,"column":86}},{"start":{"line":42,"column":86},"end":{"line":42,"column":null}}],"line":42},"6":{"loc":{"start":{"line":54,"column":4},"end":{"line":56,"column":null}},"type":"if","locations":[{"start":{"line":54,"column":4},"end":{"line":56,"column":null}},{"start":{},"end":{}}],"line":54},"7":{"loc":{"start":{"line":61,"column":6},"end":{"line":64,"column":null}},"type":"if","locations":[{"start":{"line":61,"column":6},"end":{"line":64,"column":null}},{"start":{},"end":{}}],"line":61},"8":{"loc":{"start":{"line":63,"column":15},"end":{"line":63,"column":77}},"type":"cond-expr","locations":[{"start":{"line":63,"column":34},"end":{"line":63,"column":62}},{"start":{"line":63,"column":62},"end":{"line":63,"column":77}}],"line":63},"9":{"loc":{"start":{"line":63,"column":34},"end":{"line":63,"column":62}},"type":"cond-expr","locations":[{"start":{"line":63,"column":52},"end":{"line":63,"column":56}},{"start":{"line":63,"column":56},"end":{"line":63,"column":62}}],"line":63},"10":{"loc":{"start":{"line":66,"column":4},"end":{"line":66,"column":null}},"type":"if","locations":[{"start":{"line":66,"column":4},"end":{"line":66,"column":null}},{"start":{},"end":{}}],"line":66},"11":{"loc":{"start":{"line":78,"column":4},"end":{"line":80,"column":null}},"type":"if","locations":[{"start":{"line":78,"column":4},"end":{"line":80,"column":null}},{"start":{},"end":{}}],"line":78},"12":{"loc":{"start":{"line":84,"column":4},"end":{"line":84,"column":null}},"type":"if","locations":[{"start":{"line":84,"column":4},"end":{"line":84,"column":null}},{"start":{},"end":{}}],"line":84},"13":{"loc":{"start":{"line":85,"column":4},"end":{"line":87,"column":null}},"type":"if","locations":[{"start":{"line":85,"column":4},"end":{"line":87,"column":null}},{"start":{},"end":{}}],"line":85},"14":{"loc":{"start":{"line":89,"column":4},"end":{"line":91,"column":null}},"type":"if","locations":[{"start":{"line":89,"column":4},"end":{"line":91,"column":null}},{"start":{},"end":{}}],"line":89},"15":{"loc":{"start":{"line":94,"column":24},"end":{"line":96,"column":null}},"type":"cond-expr","locations":[{"start":{"line":95,"column":10},"end":{"line":95,"column":null}},{"start":{"line":96,"column":10},"end":{"line":96,"column":null}}],"line":94},"16":{"loc":{"start":{"line":94,"column":24},"end":{"line":94,"column":null}},"type":"binary-expr","locations":[{"start":{"line":94,"column":24},"end":{"line":94,"column":41}},{"start":{"line":94,"column":41},"end":{"line":94,"column":null}}],"line":94},"17":{"loc":{"start":{"line":101,"column":8},"end":{"line":101,"column":59}},"type":"binary-expr","locations":[{"start":{"line":101,"column":8},"end":{"line":101,"column":23}},{"start":{"line":101,"column":23},"end":{"line":101,"column":59}}],"line":101}},"s":{"0":1,"1":1,"2":1,"3":4,"4":4,"5":4,"6":4,"7":0,"8":1,"9":4,"10":4,"11":4,"12":0,"13":4,"14":0,"15":1,"16":2,"17":2,"18":2,"19":0,"20":0,"21":2,"22":2,"23":2,"24":2,"25":0,"26":1,"27":2,"28":2,"29":2,"30":0,"31":0,"32":2,"33":2,"34":2,"35":2,"36":2,"37":16,"38":2,"39":2,"40":2,"41":0,"42":2,"43":2,"44":2,"45":0,"46":1,"47":1,"48":1,"49":1,"50":0,"51":0,"52":1,"53":1,"54":1,"55":1,"56":0,"57":1,"58":0,"59":1,"60":1,"61":0,"62":1,"63":1,"64":1,"65":1,"66":1,"67":1,"68":1,"69":1,"70":0},"f":{"0":4,"1":4,"2":2,"3":0,"4":2,"5":0,"6":1,"7":0,"8":1},"b":{"0":[1,3],"1":[0,4],"2":[0,2],"3":[2,2],"4":[2,2],"5":[2,2],"6":[0,2],"7":[2,14],"8":[2,0],"9":[1,1],"10":[0,2],"11":[0,1],"12":[0,1],"13":[0,1],"14":[0,1],"15":[0,1],"16":[1,1],"17":[1,0]},"meta":{"lastBranch":18,"lastFunction":9,"lastStatement":71,"seen":{"s:8:31:8:Infinity":0,"s:9:0:9:Infinity":1,"s:11:0:21:Infinity":2,"f:11:25:11:26":0,"s:12:2:20:Infinity":3,"s:13:28:13:Infinity":4,"s:14:10:16:Infinity":5,"b:15:66:15:74:15:74:15:86":0,"s:17:4:17:Infinity":6,"s:19:4:19:Infinity":7,"s:23:0:31:Infinity":8,"f:23:28:23:29":1,"s:24:2:30:Infinity":9,"s:25:10:25:Infinity":10,"b:26:4:26:Infinity:undefined:undefined:undefined:undefined":1,"s:26:4:26:Infinity":11,"s:26:12:26:Infinity":12,"s:27:4:27:Infinity":13,"s:29:4:29:Infinity":14,"s:33:0:49:Infinity":15,"f:33:26:33:27":2,"s:34:2:48:Infinity":16,"s:35:19:35:Infinity":17,"b:36:4:38:Infinity:undefined:undefined:undefined:undefined":2,"s:36:4:38:Infinity":18,"s:37:6:37:Infinity":19,"f:37:105:37:110":3,"s:37:110:37:145":20,"s:39:17:39:Infinity":21,"s:40:10:40:Infinity":22,"s:41:4:44:Infinity":23,"b:42:38:42:50:42:50:42:54":3,"b:42:54:42:68:42:68:42:72":4,"b:42:72:42:86:42:86:42:Infinity":5,"s:45:4:45:Infinity":24,"s:47:4:47:Infinity":25,"s:51:0:73:Infinity":26,"f:51:28:51:29":4,"s:52:2:72:Infinity":27,"s:53:19:53:Infinity":28,"b:54:4:56:Infinity:undefined:undefined:undefined:undefined":6,"s:54:4:56:Infinity":29,"s:55:6:55:Infinity":30,"f:55:105:55:110":5,"s:55:110:55:145":31,"s:57:17:57:Infinity":32,"s:58:10:58:Infinity":33,"s:59:24:59:28":34,"s:59:45:59:Infinity":35,"s:60:4:65:Infinity":36,"b:61:6:64:Infinity:undefined:undefined:undefined:undefined":7,"s:61:6:64:Infinity":37,"s:62:8:62:Infinity":38,"s:63:8:63:Infinity":39,"b:63:34:63:62:63:62:63:77":8,"b:63:52:63:56:63:56:63:62":9,"b:66:4:66:Infinity:undefined:undefined:undefined:undefined":10,"s:66:4:66:Infinity":40,"s:66:19:66:Infinity":41,"s:67:4:67:Infinity":42,"s:68:4:68:Infinity":43,"s:69:4:69:Infinity":44,"s:71:4:71:Infinity":45,"s:75:0:109:Infinity":46,"f:75:38:75:39":6,"s:76:2:108:Infinity":47,"s:77:19:77:Infinity":48,"b:78:4:80:Infinity:undefined:undefined:undefined:undefined":11,"s:78:4:80:Infinity":49,"s:79:6:79:Infinity":50,"f:79:105:79:110":7,"s:79:110:79:145":51,"s:81:36:81:Infinity":52,"s:82:10:82:Infinity":53,"s:83:17:83:Infinity":54,"b:84:4:84:Infinity:undefined:undefined:undefined:undefined":12,"s:84:4:84:Infinity":55,"s:84:15:84:Infinity":56,"b:85:4:87:Infinity:undefined:undefined:undefined:undefined":13,"s:85:4:87:Infinity":57,"s:86:6:86:Infinity":58,"s:88:20:88:Infinity":59,"b:89:4:91:Infinity:undefined:undefined:undefined:undefined":14,"s:89:4:91:Infinity":60,"s:90:6:90:Infinity":61,"s:92:15:103:Infinity":62,"f:92:29:92:35":8,"s:93:22:93:Infinity":63,"s:94:24:96:Infinity":64,"b:95:10:95:Infinity:96:10:96:Infinity":15,"b:94:24:94:41:94:41:94:Infinity":16,"s:97:6:97:Infinity":65,"s:98:6:98:Infinity":66,"s:99:6:102:Infinity":67,"b:101:8:101:23:101:23:101:59":17,"s:104:4:104:Infinity":68,"s:105:4:105:Infinity":69,"s:107:4:107:Infinity":70},"fnNames":{}}}
,"C:\\vendaspro\\server\\routes\\entities.ts": {"path":"C:\\vendaspro\\server\\routes\\entities.ts","statementMap":{"0":{"start":{"line":8,"column":30},"end":{"line":8,"column":null}},"1":{"start":{"line":9,"column":0},"end":{"line":9,"column":null}},"2":{"start":{"line":12,"column":0},"end":{"line":18,"column":null}},"3":{"start":{"line":13,"column":2},"end":{"line":17,"column":null}},"4":{"start":{"line":14,"column":4},"end":{"line":14,"column":null}},"5":{"start":{"line":16,"column":4},"end":{"line":16,"column":null}},"6":{"start":{"line":19,"column":0},"end":{"line":30,"column":null}},"7":{"start":{"line":20,"column":2},"end":{"line":29,"column":null}},"8":{"start":{"line":21,"column":4},"end":{"line":21,"column":null}},"9":{"start":{"line":21,"column":24},"end":{"line":21,"column":null}},"10":{"start":{"line":22,"column":10},"end":{"line":22,"column":null}},"11":{"start":{"line":23,"column":4},"end":{"line":25,"column":null}},"12":{"start":{"line":26,"column":4},"end":{"line":26,"column":null}},"13":{"start":{"line":28,"column":4},"end":{"line":28,"column":null}},"14":{"start":{"line":31,"column":0},"end":{"line":44,"column":null}},"15":{"start":{"line":32,"column":2},"end":{"line":43,"column":null}},"16":{"start":{"line":33,"column":24},"end":{"line":33,"column":28}},"17":{"start":{"line":33,"column":45},"end":{"line":33,"column":null}},"18":{"start":{"line":34,"column":4},"end":{"line":36,"column":null}},"19":{"start":{"line":35,"column":6},"end":{"line":35,"column":null}},"20":{"start":{"line":35,"column":39},"end":{"line":35,"column":59}},"21":{"start":{"line":35,"column":59},"end":{"line":35,"column":80}},"22":{"start":{"line":37,"column":4},"end":{"line":37,"column":null}},"23":{"start":{"line":37,"column":19},"end":{"line":37,"column":null}},"24":{"start":{"line":38,"column":4},"end":{"line":38,"column":null}},"25":{"start":{"line":39,"column":4},"end":{"line":39,"column":null}},"26":{"start":{"line":40,"column":4},"end":{"line":40,"column":null}},"27":{"start":{"line":42,"column":4},"end":{"line":42,"column":null}},"28":{"start":{"line":45,"column":0},"end":{"line":52,"column":null}},"29":{"start":{"line":46,"column":2},"end":{"line":51,"column":null}},"30":{"start":{"line":47,"column":4},"end":{"line":47,"column":null}},"31":{"start":{"line":48,"column":4},"end":{"line":48,"column":null}},"32":{"start":{"line":50,"column":4},"end":{"line":50,"column":null}},"33":{"start":{"line":55,"column":0},"end":{"line":61,"column":null}},"34":{"start":{"line":56,"column":2},"end":{"line":60,"column":null}},"35":{"start":{"line":57,"column":4},"end":{"line":57,"column":null}},"36":{"start":{"line":59,"column":4},"end":{"line":59,"column":null}},"37":{"start":{"line":62,"column":0},"end":{"line":71,"column":null}},"38":{"start":{"line":63,"column":2},"end":{"line":70,"column":null}},"39":{"start":{"line":64,"column":4},"end":{"line":64,"column":null}},"40":{"start":{"line":64,"column":24},"end":{"line":64,"column":null}},"41":{"start":{"line":65,"column":10},"end":{"line":65,"column":null}},"42":{"start":{"line":66,"column":4},"end":{"line":66,"column":null}},"43":{"start":{"line":67,"column":4},"end":{"line":67,"column":null}},"44":{"start":{"line":69,"column":4},"end":{"line":69,"column":null}},"45":{"start":{"line":72,"column":0},"end":{"line":80,"column":null}},"46":{"start":{"line":73,"column":2},"end":{"line":79,"column":null}},"47":{"start":{"line":74,"column":4},"end":{"line":74,"column":null}},"48":{"start":{"line":74,"column":37},"end":{"line":74,"column":null}},"49":{"start":{"line":75,"column":4},"end":{"line":75,"column":null}},"50":{"start":{"line":76,"column":4},"end":{"line":76,"column":null}},"51":{"start":{"line":78,"column":4},"end":{"line":78,"column":null}},"52":{"start":{"line":81,"column":0},"end":{"line":88,"column":null}},"53":{"start":{"line":82,"column":2},"end":{"line":87,"column":null}},"54":{"start":{"line":83,"column":4},"end":{"line":83,"column":null}},"55":{"start":{"line":84,"column":4},"end":{"line":84,"column":null}},"56":{"start":{"line":86,"column":4},"end":{"line":86,"column":null}},"57":{"start":{"line":91,"column":0},"end":{"line":97,"column":null}},"58":{"start":{"line":92,"column":2},"end":{"line":96,"column":null}},"59":{"start":{"line":93,"column":4},"end":{"line":93,"column":null}},"60":{"start":{"line":95,"column":4},"end":{"line":95,"column":null}},"61":{"start":{"line":98,"column":0},"end":{"line":109,"column":null}},"62":{"start":{"line":99,"column":2},"end":{"line":108,"column":null}},"63":{"start":{"line":100,"column":4},"end":{"line":100,"column":null}},"64":{"start":{"line":100,"column":24},"end":{"line":100,"column":null}},"65":{"start":{"line":101,"column":10},"end":{"line":101,"column":null}},"66":{"start":{"line":102,"column":4},"end":{"line":104,"column":null}},"67":{"start":{"line":105,"column":4},"end":{"line":105,"column":null}},"68":{"start":{"line":107,"column":4},"end":{"line":107,"column":null}},"69":{"start":{"line":110,"column":0},"end":{"line":123,"column":null}},"70":{"start":{"line":111,"column":2},"end":{"line":122,"column":null}},"71":{"start":{"line":112,"column":24},"end":{"line":112,"column":28}},"72":{"start":{"line":112,"column":45},"end":{"line":112,"column":null}},"73":{"start":{"line":113,"column":4},"end":{"line":115,"column":null}},"74":{"start":{"line":114,"column":6},"end":{"line":114,"column":null}},"75":{"start":{"line":114,"column":39},"end":{"line":114,"column":59}},"76":{"start":{"line":114,"column":59},"end":{"line":114,"column":80}},"77":{"start":{"line":116,"column":4},"end":{"line":116,"column":null}},"78":{"start":{"line":116,"column":19},"end":{"line":116,"column":null}},"79":{"start":{"line":117,"column":4},"end":{"line":117,"column":null}},"80":{"start":{"line":118,"column":4},"end":{"line":118,"column":null}},"81":{"start":{"line":119,"column":4},"end":{"line":119,"column":null}},"82":{"start":{"line":121,"column":4},"end":{"line":121,"column":null}},"83":{"start":{"line":124,"column":0},"end":{"line":131,"column":null}},"84":{"start":{"line":125,"column":2},"end":{"line":130,"column":null}},"85":{"start":{"line":126,"column":4},"end":{"line":126,"column":null}},"86":{"start":{"line":127,"column":4},"end":{"line":127,"column":null}},"87":{"start":{"line":129,"column":4},"end":{"line":129,"column":null}},"88":{"start":{"line":134,"column":0},"end":{"line":143,"column":null}},"89":{"start":{"line":135,"column":2},"end":{"line":142,"column":null}},"90":{"start":{"line":136,"column":4},"end":{"line":139,"column":null}},"91":{"start":{"line":141,"column":4},"end":{"line":141,"column":null}},"92":{"start":{"line":145,"column":0},"end":{"line":164,"column":null}},"93":{"start":{"line":146,"column":2},"end":{"line":163,"column":null}},"94":{"start":{"line":147,"column":44},"end":{"line":147,"column":null}},"95":{"start":{"line":148,"column":4},"end":{"line":150,"column":null}},"96":{"start":{"line":149,"column":6},"end":{"line":149,"column":null}},"97":{"start":{"line":151,"column":4},"end":{"line":153,"column":null}},"98":{"start":{"line":152,"column":6},"end":{"line":152,"column":null}},"99":{"start":{"line":154,"column":10},"end":{"line":154,"column":null}},"100":{"start":{"line":155,"column":4},"end":{"line":155,"column":null}},"101":{"start":{"line":155,"column":16},"end":{"line":155,"column":null}},"102":{"start":{"line":156,"column":10},"end":{"line":156,"column":null}},"103":{"start":{"line":157,"column":4},"end":{"line":159,"column":null}},"104":{"start":{"line":160,"column":4},"end":{"line":160,"column":null}},"105":{"start":{"line":162,"column":4},"end":{"line":162,"column":null}},"106":{"start":{"line":166,"column":0},"end":{"line":192,"column":null}},"107":{"start":{"line":167,"column":2},"end":{"line":191,"column":null}},"108":{"start":{"line":168,"column":10},"end":{"line":168,"column":null}},"109":{"start":{"line":169,"column":14},"end":{"line":169,"column":null}},"110":{"start":{"line":170,"column":4},"end":{"line":170,"column":null}},"111":{"start":{"line":170,"column":12},"end":{"line":170,"column":null}},"112":{"start":{"line":171,"column":24},"end":{"line":171,"column":28}},"113":{"start":{"line":171,"column":45},"end":{"line":171,"column":null}},"114":{"start":{"line":172,"column":4},"end":{"line":177,"column":null}},"115":{"start":{"line":173,"column":6},"end":{"line":176,"column":null}},"116":{"start":{"line":174,"column":8},"end":{"line":174,"column":null}},"117":{"start":{"line":175,"column":8},"end":{"line":175,"column":null}},"118":{"start":{"line":178,"column":4},"end":{"line":181,"column":null}},"119":{"start":{"line":179,"column":6},"end":{"line":179,"column":null}},"120":{"start":{"line":180,"column":6},"end":{"line":180,"column":null}},"121":{"start":{"line":182,"column":4},"end":{"line":184,"column":null}},"122":{"start":{"line":183,"column":6},"end":{"line":183,"column":null}},"123":{"start":{"line":185,"column":4},"end":{"line":185,"column":null}},"124":{"start":{"line":185,"column":19},"end":{"line":185,"column":null}},"125":{"start":{"line":186,"column":4},"end":{"line":186,"column":null}},"126":{"start":{"line":187,"column":4},"end":{"line":187,"column":null}},"127":{"start":{"line":188,"column":4},"end":{"line":188,"column":null}},"128":{"start":{"line":190,"column":4},"end":{"line":190,"column":null}},"129":{"start":{"line":194,"column":0},"end":{"line":204,"column":null}},"130":{"start":{"line":195,"column":2},"end":{"line":203,"column":null}},"131":{"start":{"line":196,"column":4},"end":{"line":198,"column":null}},"132":{"start":{"line":197,"column":6},"end":{"line":197,"column":null}},"133":{"start":{"line":199,"column":4},"end":{"line":199,"column":null}},"134":{"start":{"line":200,"column":4},"end":{"line":200,"column":null}},"135":{"start":{"line":202,"column":4},"end":{"line":202,"column":null}}},"fnMap":{"0":{"name":"(anonymous_0)","decl":{"start":{"line":12,"column":34},"end":{"line":12,"column":35}},"loc":{"start":{"line":12,"column":49},"end":{"line":18,"column":1}},"line":12},"1":{"name":"(anonymous_1)","decl":{"start":{"line":19,"column":68},"end":{"line":19,"column":69}},"loc":{"start":{"line":19,"column":87},"end":{"line":30,"column":1}},"line":19},"2":{"name":"(anonymous_2)","decl":{"start":{"line":31,"column":71},"end":{"line":31,"column":72}},"loc":{"start":{"line":31,"column":90},"end":{"line":44,"column":1}},"line":31},"3":{"name":"(anonymous_3)","decl":{"start":{"line":45,"column":74},"end":{"line":45,"column":75}},"loc":{"start":{"line":45,"column":88},"end":{"line":52,"column":1}},"line":45},"4":{"name":"(anonymous_4)","decl":{"start":{"line":55,"column":30},"end":{"line":55,"column":31}},"loc":{"start":{"line":55,"column":45},"end":{"line":61,"column":1}},"line":55},"5":{"name":"(anonymous_5)","decl":{"start":{"line":62,"column":64},"end":{"line":62,"column":65}},"loc":{"start":{"line":62,"column":83},"end":{"line":71,"column":1}},"line":62},"6":{"name":"(anonymous_6)","decl":{"start":{"line":72,"column":67},"end":{"line":72,"column":68}},"loc":{"start":{"line":72,"column":86},"end":{"line":80,"column":1}},"line":72},"7":{"name":"(anonymous_7)","decl":{"start":{"line":81,"column":70},"end":{"line":81,"column":71}},"loc":{"start":{"line":81,"column":84},"end":{"line":88,"column":1}},"line":81},"8":{"name":"(anonymous_8)","decl":{"start":{"line":91,"column":33},"end":{"line":91,"column":34}},"loc":{"start":{"line":91,"column":48},"end":{"line":97,"column":1}},"line":91},"9":{"name":"(anonymous_9)","decl":{"start":{"line":98,"column":67},"end":{"line":98,"column":68}},"loc":{"start":{"line":98,"column":86},"end":{"line":109,"column":1}},"line":98},"10":{"name":"(anonymous_10)","decl":{"start":{"line":110,"column":70},"end":{"line":110,"column":71}},"loc":{"start":{"line":110,"column":89},"end":{"line":123,"column":1}},"line":110},"11":{"name":"(anonymous_11)","decl":{"start":{"line":124,"column":73},"end":{"line":124,"column":74}},"loc":{"start":{"line":124,"column":87},"end":{"line":131,"column":1}},"line":124},"12":{"name":"(anonymous_12)","decl":{"start":{"line":134,"column":62},"end":{"line":134,"column":63}},"loc":{"start":{"line":134,"column":77},"end":{"line":143,"column":1}},"line":134},"13":{"name":"(anonymous_13)","decl":{"start":{"line":145,"column":52},"end":{"line":145,"column":53}},"loc":{"start":{"line":145,"column":71},"end":{"line":164,"column":1}},"line":145},"14":{"name":"(anonymous_14)","decl":{"start":{"line":166,"column":55},"end":{"line":166,"column":56}},"loc":{"start":{"line":166,"column":74},"end":{"line":192,"column":1}},"line":166},"15":{"name":"(anonymous_15)","decl":{"start":{"line":194,"column":58},"end":{"line":194,"column":59}},"loc":{"start":{"line":194,"column":77},"end":{"line":204,"column":1}},"line":194}},"branchMap":{"0":{"loc":{"start":{"line":21,"column":4},"end":{"line":21,"column":null}},"type":"if","locations":[{"start":{"line":21,"column":4},"end":{"line":21,"column":null}},{"start":{},"end":{}}],"line":21},"1":{"loc":{"start":{"line":24,"column":42},"end":{"line":24,"column":70}},"type":"binary-expr","locations":[{"start":{"line":24,"column":42},"end":{"line":24,"column":66}},{"start":{"line":24,"column":66},"end":{"line":24,"column":70}}],"line":24},"2":{"loc":{"start":{"line":24,"column":70},"end":{"line":24,"column":null}},"type":"binary-expr","locations":[{"start":{"line":24,"column":70},"end":{"line":24,"column":96}},{"start":{"line":24,"column":96},"end":{"line":24,"column":null}}],"line":24},"3":{"loc":{"start":{"line":35,"column":6},"end":{"line":35,"column":null}},"type":"if","locations":[{"start":{"line":35,"column":6},"end":{"line":35,"column":null}},{"start":{},"end":{}}],"line":35},"4":{"loc":{"start":{"line":37,"column":4},"end":{"line":37,"column":null}},"type":"if","locations":[{"start":{"line":37,"column":4},"end":{"line":37,"column":null}},{"start":{},"end":{}}],"line":37},"5":{"loc":{"start":{"line":64,"column":4},"end":{"line":64,"column":null}},"type":"if","locations":[{"start":{"line":64,"column":4},"end":{"line":64,"column":null}},{"start":{},"end":{}}],"line":64},"6":{"loc":{"start":{"line":74,"column":4},"end":{"line":74,"column":null}},"type":"if","locations":[{"start":{"line":74,"column":4},"end":{"line":74,"column":null}},{"start":{},"end":{}}],"line":74},"7":{"loc":{"start":{"line":100,"column":4},"end":{"line":100,"column":null}},"type":"if","locations":[{"start":{"line":100,"column":4},"end":{"line":100,"column":null}},{"start":{},"end":{}}],"line":100},"8":{"loc":{"start":{"line":103,"column":42},"end":{"line":103,"column":66}},"type":"binary-expr","locations":[{"start":{"line":103,"column":42},"end":{"line":103,"column":62}},{"start":{"line":103,"column":62},"end":{"line":103,"column":66}}],"line":103},"9":{"loc":{"start":{"line":103,"column":66},"end":{"line":103,"column":88}},"type":"binary-expr","locations":[{"start":{"line":103,"column":66},"end":{"line":103,"column":84}},{"start":{"line":103,"column":84},"end":{"line":103,"column":88}}],"line":103},"10":{"loc":{"start":{"line":103,"column":88},"end":{"line":103,"column":null}},"type":"binary-expr","locations":[{"start":{"line":103,"column":88},"end":{"line":103,"column":106}},{"start":{"line":103,"column":106},"end":{"line":103,"column":null}}],"line":103},"11":{"loc":{"start":{"line":114,"column":6},"end":{"line":114,"column":null}},"type":"if","locations":[{"start":{"line":114,"column":6},"end":{"line":114,"column":null}},{"start":{},"end":{}}],"line":114},"12":{"loc":{"start":{"line":116,"column":4},"end":{"line":116,"column":null}},"type":"if","locations":[{"start":{"line":116,"column":4},"end":{"line":116,"column":null}},{"start":{},"end":{}}],"line":116},"13":{"loc":{"start":{"line":148,"column":4},"end":{"line":150,"column":null}},"type":"if","locations":[{"start":{"line":148,"column":4},"end":{"line":150,"column":null}},{"start":{},"end":{}}],"line":148},"14":{"loc":{"start":{"line":148,"column":8},"end":{"line":148,"column":38}},"type":"binary-expr","locations":[{"start":{"line":148,"column":8},"end":{"line":148,"column":17}},{"start":{"line":148,"column":17},"end":{"line":148,"column":27}},{"start":{"line":148,"column":27},"end":{"line":148,"column":38}}],"line":148},"15":{"loc":{"start":{"line":151,"column":4},"end":{"line":153,"column":null}},"type":"if","locations":[{"start":{"line":151,"column":4},"end":{"line":153,"column":null}},{"start":{},"end":{}}],"line":151},"16":{"loc":{"start":{"line":155,"column":4},"end":{"line":155,"column":null}},"type":"if","locations":[{"start":{"line":155,"column":4},"end":{"line":155,"column":null}},{"start":{},"end":{}}],"line":155},"17":{"loc":{"start":{"line":170,"column":4},"end":{"line":170,"column":null}},"type":"if","locations":[{"start":{"line":170,"column":4},"end":{"line":170,"column":null}},{"start":{},"end":{}}],"line":170},"18":{"loc":{"start":{"line":173,"column":6},"end":{"line":176,"column":null}},"type":"if","locations":[{"start":{"line":173,"column":6},"end":{"line":176,"column":null}},{"start":{},"end":{}}],"line":173},"19":{"loc":{"start":{"line":175,"column":15},"end":{"line":175,"column":67}},"type":"cond-expr","locations":[{"start":{"line":175,"column":33},"end":{"line":175,"column":56}},{"start":{"line":175,"column":56},"end":{"line":175,"column":67}}],"line":175},"20":{"loc":{"start":{"line":175,"column":33},"end":{"line":175,"column":56}},"type":"cond-expr","locations":[{"start":{"line":175,"column":47},"end":{"line":175,"column":51}},{"start":{"line":175,"column":51},"end":{"line":175,"column":56}}],"line":175},"21":{"loc":{"start":{"line":178,"column":4},"end":{"line":181,"column":null}},"type":"if","locations":[{"start":{"line":178,"column":4},"end":{"line":181,"column":null}},{"start":{},"end":{}}],"line":178},"22":{"loc":{"start":{"line":182,"column":4},"end":{"line":184,"column":null}},"type":"if","locations":[{"start":{"line":182,"column":4},"end":{"line":184,"column":null}},{"start":{},"end":{}}],"line":182},"23":{"loc":{"start":{"line":182,"column":8},"end":{"line":182,"column":95}},"type":"binary-expr","locations":[{"start":{"line":182,"column":8},"end":{"line":182,"column":39}},{"start":{"line":182,"column":39},"end":{"line":182,"column":95}}],"line":182},"24":{"loc":{"start":{"line":185,"column":4},"end":{"line":185,"column":null}},"type":"if","locations":[{"start":{"line":185,"column":4},"end":{"line":185,"column":null}},{"start":{},"end":{}}],"line":185},"25":{"loc":{"start":{"line":196,"column":4},"end":{"line":198,"column":null}},"type":"if","locations":[{"start":{"line":196,"column":4},"end":{"line":198,"column":null}},{"start":{},"end":{}}],"line":196}},"s":{"0":1,"1":1,"2":1,"3":2,"4":2,"5":0,"6":1,"7":3,"8":3,"9":0,"10":3,"11":3,"12":3,"13":0,"14":1,"15":1,"16":1,"17":1,"18":1,"19":3,"20":1,"21":1,"22":1,"23":0,"24":1,"25":1,"26":1,"27":0,"28":1,"29":1,"30":1,"31":1,"32":0,"33":1,"34":2,"35":2,"36":0,"37":1,"38":3,"39":3,"40":0,"41":3,"42":3,"43":3,"44":0,"45":1,"46":1,"47":1,"48":0,"49":1,"50":1,"51":0,"52":1,"53":1,"54":1,"55":1,"56":0,"57":1,"58":2,"59":2,"60":0,"61":1,"62":3,"63":3,"64":0,"65":3,"66":3,"67":3,"68":0,"69":1,"70":1,"71":1,"72":1,"73":1,"74":4,"75":1,"76":1,"77":1,"78":0,"79":1,"80":1,"81":1,"82":0,"83":1,"84":1,"85":1,"86":1,"87":0,"88":1,"89":2,"90":2,"91":0,"92":1,"93":7,"94":7,"95":7,"96":1,"97":6,"98":1,"99":5,"100":5,"101":0,"102":5,"103":5,"104":5,"105":0,"106":1,"107":3,"108":3,"109":3,"110":3,"111":0,"112":3,"113":3,"114":3,"115":12,"116":3,"117":3,"118":3,"119":0,"120":0,"121":3,"122":2,"123":1,"124":0,"125":1,"126":1,"127":1,"128":0,"129":1,"130":1,"131":1,"132":0,"133":1,"134":1,"135":0},"f":{"0":2,"1":3,"2":1,"3":1,"4":2,"5":3,"6":1,"7":1,"8":2,"9":3,"10":1,"11":1,"12":2,"13":7,"14":3,"15":1},"b":{"0":[0,3],"1":[3,2],"2":[3,2],"3":[1,2],"4":[0,1],"5":[0,3],"6":[0,1],"7":[0,3],"8":[3,0],"9":[3,2],"10":[3,2],"11":[1,3],"12":[0,1],"13":[1,6],"14":[7,7,6],"15":[1,5],"16":[0,5],"17":[0,3],"18":[3,9],"19":[0,3],"20":[0,0],"21":[0,3],"22":[2,1],"23":[3,2],"24":[0,1],"25":[0,1]},"meta":{"lastBranch":26,"lastFunction":16,"lastStatement":136,"seen":{"s:8:30:8:Infinity":0,"s:9:0:9:Infinity":1,"s:12:0:18:Infinity":2,"f:12:34:12:35":0,"s:13:2:17:Infinity":3,"s:14:4:14:Infinity":4,"s:16:4:16:Infinity":5,"s:19:0:30:Infinity":6,"f:19:68:19:69":1,"s:20:2:29:Infinity":7,"b:21:4:21:Infinity:undefined:undefined:undefined:undefined":0,"s:21:4:21:Infinity":8,"s:21:24:21:Infinity":9,"s:22:10:22:Infinity":10,"s:23:4:25:Infinity":11,"b:24:42:24:66:24:66:24:70":1,"b:24:70:24:96:24:96:24:Infinity":2,"s:26:4:26:Infinity":12,"s:28:4:28:Infinity":13,"s:31:0:44:Infinity":14,"f:31:71:31:72":2,"s:32:2:43:Infinity":15,"s:33:24:33:28":16,"s:33:45:33:Infinity":17,"s:34:4:36:Infinity":18,"b:35:6:35:Infinity:undefined:undefined:undefined:undefined":3,"s:35:6:35:Infinity":19,"s:35:39:35:59":20,"s:35:59:35:80":21,"b:37:4:37:Infinity:undefined:undefined:undefined:undefined":4,"s:37:4:37:Infinity":22,"s:37:19:37:Infinity":23,"s:38:4:38:Infinity":24,"s:39:4:39:Infinity":25,"s:40:4:40:Infinity":26,"s:42:4:42:Infinity":27,"s:45:0:52:Infinity":28,"f:45:74:45:75":3,"s:46:2:51:Infinity":29,"s:47:4:47:Infinity":30,"s:48:4:48:Infinity":31,"s:50:4:50:Infinity":32,"s:55:0:61:Infinity":33,"f:55:30:55:31":4,"s:56:2:60:Infinity":34,"s:57:4:57:Infinity":35,"s:59:4:59:Infinity":36,"s:62:0:71:Infinity":37,"f:62:64:62:65":5,"s:63:2:70:Infinity":38,"b:64:4:64:Infinity:undefined:undefined:undefined:undefined":5,"s:64:4:64:Infinity":39,"s:64:24:64:Infinity":40,"s:65:10:65:Infinity":41,"s:66:4:66:Infinity":42,"s:67:4:67:Infinity":43,"s:69:4:69:Infinity":44,"s:72:0:80:Infinity":45,"f:72:67:72:68":6,"s:73:2:79:Infinity":46,"b:74:4:74:Infinity:undefined:undefined:undefined:undefined":6,"s:74:4:74:Infinity":47,"s:74:37:74:Infinity":48,"s:75:4:75:Infinity":49,"s:76:4:76:Infinity":50,"s:78:4:78:Infinity":51,"s:81:0:88:Infinity":52,"f:81:70:81:71":7,"s:82:2:87:Infinity":53,"s:83:4:83:Infinity":54,"s:84:4:84:Infinity":55,"s:86:4:86:Infinity":56,"s:91:0:97:Infinity":57,"f:91:33:91:34":8,"s:92:2:96:Infinity":58,"s:93:4:93:Infinity":59,"s:95:4:95:Infinity":60,"s:98:0:109:Infinity":61,"f:98:67:98:68":9,"s:99:2:108:Infinity":62,"b:100:4:100:Infinity:undefined:undefined:undefined:undefined":7,"s:100:4:100:Infinity":63,"s:100:24:100:Infinity":64,"s:101:10:101:Infinity":65,"s:102:4:104:Infinity":66,"b:103:42:103:62:103:62:103:66":8,"b:103:66:103:84:103:84:103:88":9,"b:103:88:103:106:103:106:103:Infinity":10,"s:105:4:105:Infinity":67,"s:107:4:107:Infinity":68,"s:110:0:123:Infinity":69,"f:110:70:110:71":10,"s:111:2:122:Infinity":70,"s:112:24:112:28":71,"s:112:45:112:Infinity":72,"s:113:4:115:Infinity":73,"b:114:6:114:Infinity:undefined:undefined:undefined:undefined":11,"s:114:6:114:Infinity":74,"s:114:39:114:59":75,"s:114:59:114:80":76,"b:116:4:116:Infinity:undefined:undefined:undefined:undefined":12,"s:116:4:116:Infinity":77,"s:116:19:116:Infinity":78,"s:117:4:117:Infinity":79,"s:118:4:118:Infinity":80,"s:119:4:119:Infinity":81,"s:121:4:121:Infinity":82,"s:124:0:131:Infinity":83,"f:124:73:124:74":11,"s:125:2:130:Infinity":84,"s:126:4:126:Infinity":85,"s:127:4:127:Infinity":86,"s:129:4:129:Infinity":87,"s:134:0:143:Infinity":88,"f:134:62:134:63":12,"s:135:2:142:Infinity":89,"s:136:4:139:Infinity":90,"s:141:4:141:Infinity":91,"s:145:0:164:Infinity":92,"f:145:52:145:53":13,"s:146:2:163:Infinity":93,"s:147:44:147:Infinity":94,"b:148:4:150:Infinity:undefined:undefined:undefined:undefined":13,"s:148:4:150:Infinity":95,"b:148:8:148:17:148:17:148:27:148:27:148:38":14,"s:149:6:149:Infinity":96,"b:151:4:153:Infinity:undefined:undefined:undefined:undefined":15,"s:151:4:153:Infinity":97,"s:152:6:152:Infinity":98,"s:154:10:154:Infinity":99,"b:155:4:155:Infinity:undefined:undefined:undefined:undefined":16,"s:155:4:155:Infinity":100,"s:155:16:155:Infinity":101,"s:156:10:156:Infinity":102,"s:157:4:159:Infinity":103,"s:160:4:160:Infinity":104,"s:162:4:162:Infinity":105,"s:166:0:192:Infinity":106,"f:166:55:166:56":14,"s:167:2:191:Infinity":107,"s:168:10:168:Infinity":108,"s:169:14:169:Infinity":109,"b:170:4:170:Infinity:undefined:undefined:undefined:undefined":17,"s:170:4:170:Infinity":110,"s:170:12:170:Infinity":111,"s:171:24:171:28":112,"s:171:45:171:Infinity":113,"s:172:4:177:Infinity":114,"b:173:6:176:Infinity:undefined:undefined:undefined:undefined":18,"s:173:6:176:Infinity":115,"s:174:8:174:Infinity":116,"s:175:8:175:Infinity":117,"b:175:33:175:56:175:56:175:67":19,"b:175:47:175:51:175:51:175:56":20,"b:178:4:181:Infinity:undefined:undefined:undefined:undefined":21,"s:178:4:181:Infinity":118,"s:179:6:179:Infinity":119,"s:180:6:180:Infinity":120,"b:182:4:184:Infinity:undefined:undefined:undefined:undefined":22,"s:182:4:184:Infinity":121,"b:182:8:182:39:182:39:182:95":23,"s:183:6:183:Infinity":122,"b:185:4:185:Infinity:undefined
[...]
149:Infinity:undefined:undefined:undefined:undefined":31,"s:147:8:149:Infinity":92,"b:147:12:147:22:147:22:147:43":32,"s:148:10:148:Infinity":93,"s:150:8:150:Infinity":94,"s:151:8:156:Infinity":95,"b:159:6:161:Infinity:undefined:undefined:undefined:undefined":33,"s:159:6:161:Infinity":96,"b:159:10:159:39:159:39:159:49":34,"s:160:8:160:Infinity":97,"b:163:6:176:Infinity:undefined:undefined:undefined:undefined":35,"s:163:6:176:Infinity":98,"s:164:25:166:Infinity":99,"b:165:12:165:Infinity:166:12:166:Infinity":36,"b:167:8:175:Infinity:173:15:175:Infinity":37,"s:167:8:175:Infinity":100,"s:168:10:168:Infinity":101,"s:169:10:172:Infinity":102,"s:174:10:174:Infinity":103,"s:179:4:187:Infinity":104,"s:180:6:180:Infinity":105,"s:182:18:182:Infinity":106,"b:182:25:182:40:182:40:182:42":38,"b:183:6:185:Infinity:undefined:undefined:undefined:undefined":39,"s:183:6:185:Infinity":107,"b:183:10:183:36:183:36:183:63:183:63:183:88:183:88:183:118:183:118:183:150":40,"s:184:8:184:Infinity":108,"s:186:6:186:Infinity":109,"s:188:4:188:Infinity":110,"s:190:4:190:Infinity":111,"s:194:0:246:Infinity":112,"f:194:31:194:32":6,"s:195:2:245:Infinity":113,"s:196:10:196:Infinity":114,"s:197:17:197:Infinity":115,"b:198:4:198:Infinity:undefined:undefined:undefined:undefined":41,"s:198:4:198:Infinity":116,"s:198:15:198:Infinity":117,"b:199:4:199:Infinity:undefined:undefined:undefined:undefined":42,"s:199:4:199:Infinity":118,"s:199:37:199:Infinity":119,"s:201:15:240:Infinity":120,"f:201:29:201:35":7,"s:202:6:204:Infinity":121,"b:203:34:203:53:203:53:203:57":43,"s:205:20:205:Infinity":122,"s:206:19:206:Infinity":123,"s:207:6:218:Infinity":124,"s:208:21:208:Infinity":125,"s:209:21:209:Infinity":126,"b:209:21:209:36:209:36:209:Infinity":44,"s:210:19:210:Infinity":127,"s:211:8:211:Infinity":128,"s:212:8:217:Infinity":129,"b:220:6:222:Infinity:undefined:undefined:undefined:undefined":45,"s:220:6:222:Infinity":130,"b:220:10:220:44:220:44:220:61":46,"s:221:8:221:Infinity":131,"s:224:34:224:Infinity":132,"s:225:26:225:Infinity":133,"b:226:6:239:Infinity:undefined:undefined:undefined:undefined":47,"s:226:6:239:Infinity":134,"s:227:20:227:Infinity":135,"b:228:8:238:Infinity:undefined:undefined:undefined:undefined":48,"s:228:8:238:Infinity":136,"b:228:12:228:19:228:19:228:44":49,"b:229:10:237:Infinity:235:17:237:Infinity":50,"s:229:10:237:Infinity":137,"s:230:12:230:Infinity":138,"s:231:12:234:Infinity":139,"s:236:12:236:Infinity":140,"s:241:4:241:Infinity":141,"s:242:4:242:Infinity":142,"s:244:4:244:Infinity":143},"fnNames":{}}}
,"C:\\vendaspro\\server\\routes\\settings.ts": {"path":"C:\\vendaspro\\server\\routes\\settings.ts","statementMap":{"0":{"start":{"line":8,"column":2},"end":{"line":15,"column":null}},"1":{"start":{"line":9,"column":4},"end":{"line":14,"column":null}},"2":{"start":{"line":10,"column":12},"end":{"line":10,"column":null}},"3":{"start":{"line":11,"column":6},"end":{"line":11,"column":null}},"4":{"start":{"line":13,"column":6},"end":{"line":13,"column":null}},"5":{"start":{"line":17,"column":2},"end":{"line":40,"column":null}},"6":{"start":{"line":18,"column":4},"end":{"line":39,"column":null}},"7":{"start":{"line":19,"column":21},"end":{"line":19,"column":null}},"8":{"start":{"line":20,"column":6},"end":{"line":22,"column":null}},"9":{"start":{"line":21,"column":8},"end":{"line":21,"column":null}},"10":{"start":{"line":21,"column":112},"end":{"line":21,"column":147}},"11":{"start":{"line":23,"column":19},"end":{"line":23,"column":null}},"12":{"start":{"line":24,"column":12},"end":{"line":24,"column":null}},"13":{"start":{"line":25,"column":26},"end":{"line":25,"column":30}},"14":{"start":{"line":25,"column":47},"end":{"line":25,"column":null}},"15":{"start":{"line":26,"column":6},"end":{"line":31,"column":null}},"16":{"start":{"line":27,"column":8},"end":{"line":30,"column":null}},"17":{"start":{"line":28,"column":10},"end":{"line":28,"column":null}},"18":{"start":{"line":29,"column":10},"end":{"line":29,"column":null}},"19":{"start":{"line":32,"column":6},"end":{"line":35,"column":null}},"20":{"start":{"line":33,"column":8},"end":{"line":33,"column":null}},"21":{"start":{"line":34,"column":8},"end":{"line":34,"column":null}},"22":{"start":{"line":36,"column":6},"end":{"line":36,"column":null}},"23":{"start":{"line":38,"column":6},"end":{"line":38,"column":null}}},"fnMap":{"0":{"name":"registerSettings","decl":{"start":{"line":7,"column":16},"end":{"line":7,"column":33}},"loc":{"start":{"line":7,"column":55},"end":{"line":41,"column":null}},"line":7},"1":{"name":"(anonymous_1)","decl":{"start":{"line":8,"column":36},"end":{"line":8,"column":37}},"loc":{"start":{"line":8,"column":51},"end":{"line":15,"column":3}},"line":8},"2":{"name":"(anonymous_2)","decl":{"start":{"line":17,"column":69},"end":{"line":17,"column":70}},"loc":{"start":{"line":17,"column":88},"end":{"line":40,"column":3}},"line":17},"3":{"name":"(anonymous_3)","decl":{"start":{"line":21,"column":107},"end":{"line":21,"column":112}},"loc":{"start":{"line":21,"column":112},"end":{"line":21,"column":147}},"line":21}},"branchMap":{"0":{"loc":{"start":{"line":11,"column":38},"end":{"line":11,"column":46}},"type":"binary-expr","locations":[{"start":{"line":11,"column":38},"end":{"line":11,"column":43}},{"start":{"line":11,"column":43},"end":{"line":11,"column":46}}],"line":11},"1":{"loc":{"start":{"line":20,"column":6},"end":{"line":22,"column":null}},"type":"if","locations":[{"start":{"line":20,"column":6},"end":{"line":22,"column":null}},{"start":{},"end":{}}],"line":20},"2":{"loc":{"start":{"line":27,"column":8},"end":{"line":30,"column":null}},"type":"if","locations":[{"start":{"line":27,"column":8},"end":{"line":30,"column":null}},{"start":{},"end":{}}],"line":27},"3":{"loc":{"start":{"line":32,"column":6},"end":{"line":35,"column":null}},"type":"if","locations":[{"start":{"line":32,"column":6},"end":{"line":35,"column":null}},{"start":{},"end":{}}],"line":32}},"s":{"0":1,"1":1,"2":1,"3":1,"4":0,"5":1,"6":2,"7":2,"8":2,"9":0,"10":0,"11":2,"12":2,"13":2,"14":2,"15":2,"16":28,"17":2,"18":2,"19":2,"20":2,"21":2,"22":2,"23":0},"f":{"0":1,"1":1,"2":2,"3":0},"b":{"0":[1,0],"1":[0,2],"2":[2,26],"3":[2,0]},"meta":{"lastBranch":4,"lastFunction":4,"lastStatement":24,"seen":{"f:7:16:7:33":0,"s:8:2:15:Infinity":0,"f:8:36:8:37":1,"s:9:4:14:Infinity":1,"s:10:12:10:Infinity":2,"s:11:6:11:Infinity":3,"b:11:38:11:43:11:43:11:46":0,"s:13:6:13:Infinity":4,"s:17:2:40:Infinity":5,"f:17:69:17:70":2,"s:18:4:39:Infinity":6,"s:19:21:19:Infinity":7,"b:20:6:22:Infinity:undefined:undefined:undefined:undefined":1,"s:20:6:22:Infinity":8,"s:21:8:21:Infinity":9,"f:21:107:21:112":3,"s:21:112:21:147":10,"s:23:19:23:Infinity":11,"s:24:12:24:Infinity":12,"s:25:26:25:30":13,"s:25:47:25:Infinity":14,"s:26:6:31:Infinity":15,"b:27:8:30:Infinity:undefined:undefined:undefined:undefined":2,"s:27:8:30:Infinity":16,"s:28:10:28:Infinity":17,"s:29:10:29:Infinity":18,"b:32:6:35:Infinity:undefined:undefined:undefined:undefined":3,"s:32:6:35:Infinity":19,"s:33:8:33:Infinity":20,"s:34:8:34:Infinity":21,"s:36:6:36:Infinity":22,"s:38:6:38:Infinity":23},"fnNames":{}}}
,"C:\\vendaspro\\server\\routes\\stock.ts": {"path":"C:\\vendaspro\\server\\routes\\stock.ts","statementMap":{"0":{"start":{"line":7,"column":27},"end":{"line":7,"column":null}},"1":{"start":{"line":8,"column":0},"end":{"line":8,"column":null}},"2":{"start":{"line":10,"column":0},"end":{"line":25,"column":null}},"3":{"start":{"line":11,"column":2},"end":{"line":24,"column":null}},"4":{"start":{"line":12,"column":14},"end":{"line":12,"column":null}},"5":{"start":{"line":13,"column":21},"end":{"line":13,"column":null}},"6":{"start":{"line":14,"column":14},"end":{"line":14,"column":null}},"7":{"start":{"line":15,"column":4},"end":{"line":15,"column":null}},"8":{"start":{"line":15,"column":23},"end":{"line":15,"column":52}},"9":{"start":{"line":15,"column":52},"end":{"line":15,"column":73}},"10":{"start":{"line":16,"column":4},"end":{"line":16,"column":null}},"11":{"start":{"line":16,"column":18},"end":{"line":16,"column":42}},"12":{"start":{"line":16,"column":42},"end":{"line":16,"column":58}},"13":{"start":{"line":17,"column":4},"end":{"line":17,"column":null}},"14":{"start":{"line":17,"column":23},"end":{"line":17,"column":52}},"15":{"start":{"line":17,"column":52},"end":{"line":17,"column":73}},"16":{"start":{"line":18,"column":4},"end":{"line":18,"column":null}},"17":{"start":{"line":18,"column":23},"end":{"line":18,"column":53}},"18":{"start":{"line":18,"column":53},"end":{"line":18,"column":74}},"19":{"start":{"line":19,"column":4},"end":{"line":19,"column":null}},"20":{"start":{"line":19,"column":21},"end":{"line":19,"column":51}},"21":{"start":{"line":19,"column":51},"end":{"line":19,"column":70}},"22":{"start":{"line":20,"column":4},"end":{"line":20,"column":null}},"23":{"start":{"line":21,"column":4},"end":{"line":21,"column":null}},"24":{"start":{"line":23,"column":4},"end":{"line":23,"column":null}},"25":{"start":{"line":27,"column":0},"end":{"line":46,"column":null}},"26":{"start":{"line":28,"column":2},"end":{"line":45,"column":null}},"27":{"start":{"line":29,"column":10},"end":{"line":33,"column":null}},"28":{"start":{"line":34,"column":4},"end":{"line":42,"column":null}},"29":{"start":{"line":44,"column":4},"end":{"line":44,"column":null}},"30":{"start":{"line":48,"column":0},"end":{"line":90,"column":null}},"31":{"start":{"line":49,"column":2},"end":{"line":89,"column":null}},"32":{"start":{"line":50,"column":10},"end":{"line":50,"column":null}},"33":{"start":{"line":51,"column":71},"end":{"line":51,"column":null}},"34":{"start":{"line":52,"column":36},"end":{"line":52,"column":null}},"35":{"start":{"line":53,"column":16},"end":{"line":53,"column":null}},"36":{"start":{"line":54,"column":4},"end":{"line":56,"column":null}},"37":{"start":{"line":55,"column":6},"end":{"line":55,"column":null}},"38":{"start":{"line":58,"column":10},"end":{"line":58,"column":null}},"39":{"start":{"line":59,"column":19},"end":{"line":59,"column":null}},"40":{"start":{"line":61,"column":15},"end":{"line":79,"column":null}},"41":{"start":{"line":62,"column":19},"end":{"line":62,"column":null}},"42":{"start":{"line":63,"column":6},"end":{"line":63,"column":null}},"43":{"start":{"line":63,"column":17},"end":{"line":63,"column":null}},"44":{"start":{"line":64,"column":19},"end":{"line":64,"column":null}},"45":{"start":{"line":65,"column":20},"end":{"line":65,"column":null}},"46":{"start":{"line":66,"column":17},"end":{"line":66,"column":null}},"47":{"start":{"line":67,"column":6},"end":{"line":69,"column":null}},"48":{"start":{"line":68,"column":8},"end":{"line":68,"column":null}},"49":{"start":{"line":70,"column":6},"end":{"line":70,"column":null}},"50":{"start":{"line":71,"column":26},"end":{"line":71,"column":null}},"51":{"start":{"line":72,"column":19},"end":{"line":72,"column":null}},"52":{"start":{"line":73,"column":6},"end":{"line":78,"column":null}},"53":{"start":{"line":81,"column":4},"end":{"line":85,"column":null}},"54":{"start":{"line":82,"column":6},"end":{"line":82,"column":null}},"55":{"start":{"line":84,"column":6},"end":{"line":84,"column":null}},"56":{"start":{"line":86,"column":4},"end":{"line":86,"column":null}},"57":{"start":{"line":88,"column":4},"end":{"line":88,"column":null}}},"fnMap":{"0":{"name":"(anonymous_0)","decl":{"start":{"line":10,"column":21},"end":{"line":10,"column":22}},"loc":{"start":{"line":10,"column":35},"end":{"line":25,"column":1}},"line":10},"1":{"name":"(anonymous_1)","decl":{"start":{"line":27,"column":28},"end":{"line":27,"column":29}},"loc":{"start":{"line":27,"column":43},"end":{"line":46,"column":1}},"line":27},"2":{"name":"(anonymous_2)","decl":{"start":{"line":48,"column":22},"end":{"line":48,"column":23}},"loc":{"start":{"line":48,"column":41},"end":{"line":90,"column":1}},"line":48},"3":{"name":"(anonymous_3)","decl":{"start":{"line":61,"column":29},"end":{"line":61,"column":35}},"loc":{"start":{"line":61,"column":35},"end":{"line":79,"column":5}},"line":61}},"branchMap":{"0":{"loc":{"start":{"line":15,"column":4},"end":{"line":15,"column":null}},"type":"if","locations":[{"start":{"line":15,"column":4},"end":{"line":15,"column":null}},{"start":{},"end":{}}],"line":15},"1":{"loc":{"start":{"line":16,"column":4},"end":{"line":16,"column":null}},"type":"if","locations":[{"start":{"line":16,"column":4},"end":{"line":16,"column":null}},{"start":{},"end":{}}],"line":16},"2":{"loc":{"start":{"line":17,"column":4},"end":{"line":17,"column":null}},"type":"if","locations":[{"start":{"line":17,"column":4},"end":{"line":17,"column":null}},{"start":{},"end":{}}],"line":17},"3":{"loc":{"start":{"line":18,"column":4},"end":{"line":18,"column":null}},"type":"if","locations":[{"start":{"line":18,"column":4},"end":{"line":18,"column":null}},{"start":{},"end":{}}],"line":18},"4":{"loc":{"start":{"line":19,"column":4},"end":{"line":19,"column":null}},"type":"if","locations":[{"start":{"line":19,"column":4},"end":{"line":19,"column":null}},{"start":{},"end":{}}],"line":19},"5":{"loc":{"start":{"line":37,"column":16},"end":{"line":37,"column":null}},"type":"binary-expr","locations":[{"start":{"line":37,"column":16},"end":{"line":37,"column":29}},{"start":{"line":37,"column":29},"end":{"line":37,"column":null}}],"line":37},"6":{"loc":{"start":{"line":38,"column":18},"end":{"line":38,"column":null}},"type":"binary-expr","locations":[{"start":{"line":38,"column":18},"end":{"line":38,"column":33}},{"start":{"line":38,"column":33},"end":{"line":38,"column":null}}],"line":38},"7":{"loc":{"start":{"line":39,"column":18},"end":{"line":39,"column":null}},"type":"binary-expr","locations":[{"start":{"line":39,"column":18},"end":{"line":39,"column":33}},{"start":{"line":39,"column":33},"end":{"line":39,"column":null}}],"line":39},"8":{"loc":{"start":{"line":40,"column":31},"end":{"line":40,"column":null}},"type":"binary-expr","locations":[{"start":{"line":40,"column":31},"end":{"line":40,"column":46}},{"start":{"line":40,"column":46},"end":{"line":40,"column":null}}],"line":40},"9":{"loc":{"start":{"line":52,"column":36},"end":{"line":52,"column":null}},"type":"cond-expr","locations":[{"start":{"line":52,"column":62},"end":{"line":52,"column":74}},{"start":{"line":52,"column":74},"end":{"line":52,"column":null}}],"line":52},"10":{"loc":{"start":{"line":53,"column":16},"end":{"line":53,"column":null}},"type":"binary-expr","locations":[{"start":{"line":53,"column":16},"end":{"line":53,"column":36}},{"start":{"line":53,"column":36},"end":{"line":53,"column":null}}],"line":53},"11":{"loc":{"start":{"line":54,"column":4},"end":{"line":56,"column":null}},"type":"if","locations":[{"start":{"line":54,"column":4},"end":{"line":56,"column":null}},{"start":{},"end":{}}],"line":54},"12":{"loc":{"start":{"line":54,"column":8},"end":{"line":54,"column":32}},"type":"binary-expr","locations":[{"start":{"line":54,"column":8},"end":{"line":54,"column":22}},{"start":{"line":54,"column":22},"end":{"line":54,"column":32}}],"line":54},"13":{"loc":{"start":{"line":63,"column":6},"end":{"line":63,"column":null}},"type":"if","locations":[{"start":{"line":63,"column":6},"end":{"line":63,"column":null}},{"start":{},"end":{}}],"line":63},"14":{"loc":{"start":{"line":65,"column":20},"end":{"line":65,"column":null}},"type":"cond-expr","locations":[{"start":{"line":65,"column":39},"end":{"line":65,"column":45}},{"start":{"line":65,"column":45},"end":{"line":65,"column":null}}],"line":65},"15":{"loc":{"start":{"line":67,"column":6},"end":{"line":69,"column":null}},"type":"if","locations":[{"start":{"line":67,"column":6},"end":{"line":69,"column":null}},{"start":{},"end":{}}],"line":67},"16":{"loc":{"start":{"line":67,"column":10},"end":{"line":67,"column":41}},"type":"binary-expr","locations":[{"start":{"line":67,"column":10},"end":{"line":67,"column":20}},{"start":{"line":67,"column":20},"end":{"line":67,"column":41}}],"line":67},"17":{"loc":{"start":{"line":72,"column":19},"end":{"line":72,"column":null}},"type":"binary-expr","locations":[{"start":{"line":72,"column":19},"end":{"line":72,"column":39}},{"start":{"line":72,"column":39},"end":{"line":72,"column":null}}],"line":72},"18":{"loc":{"start":{"line":75,"column":8},"end":{"line":75,"column":null}},"type":"binary-expr","locations":[{"start":{"line":75,"column":8},"end":{"line":75,"column":17}},{"start":{"line":75,"column":17},"end":{"line":75,"column":null}}],"line":75},"19":{"loc":{"start":{"line":75,"column":17},"end":{"line":75,"column":null}},"type":"cond-expr","locations":[{"start":{"line":75,"column":36},"end":{"line":75,"column":55}},{"start":{"line":75,"column":55},"end":{"line":75,"column":null}}],"line":75},"20":{"loc":{"start":{"line":77,"column":8},"end":{"line":77,"column":22}},"type":"binary-expr","locations":[{"start":{"line":77,"column":8},"end":{"line":77,"column":18}},{"start":{"line":77,"column":18},"end":{"line":77,"column":22}}],"line":77}},"s":{"0":1,"1":1,"2":1,"3":1,"4":1,"5":1,"6":1,"7":1,"8":0,"9":0,"10":1,"11":0,"12":0,"13":1,"14":0,"15":0,"16":1,"17":0,"18":0,"19":1,"20":0,"21":0,"22":1,"23":1,"24":0,"25":1,"26":1,"27":1,"28":1,"29":0,"30":1,"31":3,"32":3,"33":3,"34":3,"35":3,"36":3,"37":1,"38":2,"39":2,"40":2,"41":2,"42":2,"43":0,"44":2,"45":2,"46":2,"47":2,"48":0,"49":2,"50":2,"51":2,"52":2,"53":2,"54":2,"55":0,"56":2,"57":0},"f":{"0":1,"1":1,"2":3,"3":2},"b":{"0":[0,1],"1":[0,1],"2":[0,1],"3":[0,1],"4":[0,1],"5":[1,0],"6":[1,0],"7":[1,0],"8":[1,0],"9":[2,1],"10":[3,0],"11":[1,2],"12":[3,2],"13":[0,2],"14":[1,1],"15":[0,2],"16":[2,0],"17":[2,0],"18":[2,2],"19":[1,1],"20":[2,0]},"meta":{"lastBranch":21,"lastFunction":4,"lastStatement":58,"seen":{"s:7:27:7:Infinity":0,"s:8:0:8:Infinity":1,"s:10:0:25:Infinity":2,"f:10:21:10:22":0,"s:11:2:24:Infinity":3,"s:12:14:12:Infinity":4,"s:13:21:13:Infinity":5,"s:14:14:14:Infinity":6,"b:15:4:15:Infinity:undefined:undefined:undefined:undefined":0,"s:15:4:15:Infinity":7,"s:15:23:15:52":8,"s:15:52:15:73":9,"b:16:4:16:Infinity:undefined:undefined:undefined:undefined":1,"s:16:4:16:Infinity":10,"s:16:18:16:42":11,"s:16:42:16:58":12,"b:17:4:17:Infinity:undefined:undefined:undefined:undefined":2,"s:17:4:17:Infinity":13,"s:17:23:17:52":14,"s:17:52:17:73":15,"b:18:4:18:Infinity:undefined:undefined:undefined:undefined":3,"s:18:4:18:Infinity":16,"s:18:23:18:53":17,"s:18:53:18:74":18,"b:19:4:19:Infinity:undefined:undefined:undefined:undefined":4,"s:19:4:19:Infinity":19,"s:19:21:19:51":20,"s:19:51:19:70":21,"s:20:4:20:Infinity":22,"s:21:4:21:Infinity":23,"s:23:4:23:Infinity":24,"s:27:0:46:Infinity":25,"f:27:28:27:29":1,"s:28:2:45:Infinity":26,"s:29:10:33:Infinity":27,"s:34:4:42:Infinity":28,"b:37:16:37:29:37:29:37:Infinity":5,"b:38:18:38:33:38:33:38:Infinity":6,"b:39:18:39:33:39:33:39:Infinity":7,"b:40:31:40:46:40:46:40:Infinity":8,"s:44:4:44:Infinity":29,"s:48:0:90:Infinity":30,"f:48:22:48:23":2,"s:49:2:89:Infinity":31,"s:50:10:50:Infinity":32,"s:51:71:51:Infinity":33,"s:52:36:52:Infinity":34,"b:52:62:52:74:52:74:52:Infinity":9,"s:53:16:53:Infinity":35,"b:53:16:53:36:53:36:53:Infinity":10,"b:54:4:56:Infinity:undefined:undefined:undefined:undefined":11,"s:54:4:56:Infinity":36,"b:54:8:54:22:54:22:54:32":12,"s:55:6:55:Infinity":37,"s:58:10:58:Infinity":38,"s:59:19:59:Infinity":39,"s:61:15:79:Infinity":40,"f:61:29:61:35":3,"s:62:19:62:Infinity":41,"b:63:6:63:Infinity:undefined:undefined:undefined:undefined":13,"s:63:6:63:Infinity":42,"s:63:17:63:Infinity":43,"s:64:19:64:Infinity":44,"s:65:20:65:Infinity":45,"b:65:39:65:45:65:45:65:Infinity":14,"s:66:17:66:Infinity":46,"b:67:6:69:Infinity:undefined:undefined:undefined:undefined":15,"s:67:6:69:Infinity":47,"b:67:10:67:20:67:20:67:41":16,"s:68:8:68:Infinity":48,"s:70:6:70:Infinity":49,"s:71:26:71:Infinity":50,"s:72:19:72:Infinity":51,"b:72:19:72:39:72:39:72:Infinity":17,"s:73:6:78:Infinity":52,"b:75:8:75:17:75:17:75:Infinity":18,"b:75:36:75:55:75:55:75:Infinity":19,"b:77:8:77:18:77:18:77:22":20,"s:81:4:85:Infinity":53,"s:82:6:82:Infinity":54,"s:84:6:84:Infinity":55,"s:86:4:86:Infinity":56,"s:88:4:88:Infinity":57},"fnNames":{}}}
}
